  [1m[35m (0.1ms)[0m  [1m[34mSELECT sqlite_version(*)[0m
  [1m[35m (0.9ms)[0m  [1m[35mCREATE TABLE "schema_migrations" ("version" varchar NOT NULL PRIMARY KEY)[0m
  [1m[35m (0.8ms)[0m  [1m[35mCREATE TABLE "ar_internal_metadata" ("key" varchar NOT NULL PRIMARY KEY, "value" varchar, "created_at" datetime NOT NULL, "updated_at" datetime NOT NULL)[0m
  [1m[35m (0.3ms)[0m  [1m[34mSELECT "schema_migrations"."version" FROM "schema_migrations" ORDER BY "schema_migrations"."version" ASC[0m
Migrating to CreateMoos (20171026141621)
  [1m[35m (0.1ms)[0m  [1m[36mbegin transaction[0m
  [1m[35m (0.4ms)[0m  [1m[35mCREATE TABLE "moos" ("id" INTEGER PRIMARY KEY AUTOINCREMENT NOT NULL, "classes" varchar, "description" varchar, "lessons" varchar, "content" varchar, "created_at" datetime NOT NULL, "updated_at" datetime NOT NULL)[0m
  [1m[35mSQL (0.2ms)[0m  [1m[32mINSERT INTO "schema_migrations" ("version") VALUES (?)[0m  [["version", "20171026141621"]]
  [1m[35m (0.6ms)[0m  [1m[36mcommit transaction[0m
  [1m[36mActiveRecord::InternalMetadata Load (0.2ms)[0m  [1m[34mSELECT  "ar_internal_metadata".* FROM "ar_internal_metadata" WHERE "ar_internal_metadata"."key" = ? LIMIT ?[0m  [["key", "environment"], ["LIMIT", 1]]
  [1m[35m (0.1ms)[0m  [1m[36mbegin transaction[0m
  [1m[35mSQL (0.3ms)[0m  [1m[32mINSERT INTO "ar_internal_metadata" ("key", "value", "created_at", "updated_at") VALUES (?, ?, ?, ?)[0m  [["key", "environment"], ["value", "development"], ["created_at", "2017-10-26 14:16:31.349861"], ["updated_at", "2017-10-26 14:16:31.349861"]]
  [1m[35m (0.7ms)[0m  [1m[36mcommit transaction[0m
  [1m[35m (0.1ms)[0m  [1m[34mSELECT "schema_migrations"."version" FROM "schema_migrations" ORDER BY "schema_migrations"."version" ASC[0m
Started GET "/" for 127.0.0.1 at 2017-10-26 17:35:34 +0200
  [1m[35m (1.3ms)[0m  [1m[34mSELECT "schema_migrations"."version" FROM "schema_migrations" ORDER BY "schema_migrations"."version" ASC[0m
Processing by MoosController#index as HTML
  Rendering moos/index.html.erb within layouts/application
  Rendered moos/index.html.erb within layouts/application (1.0ms)
Completed 200 OK in 489ms (Views: 480.2ms | ActiveRecord: 0.0ms)


Started GET "/" for 127.0.0.1 at 2017-10-26 17:40:54 +0200
  [1m[35m (0.2ms)[0m  [1m[34mSELECT "schema_migrations"."version" FROM "schema_migrations" ORDER BY "schema_migrations"."version" ASC[0m
Processing by MoosController#index as HTML
  Rendering moos/index.html.erb within layouts/application
  Rendered moos/index.html.erb within layouts/application (1.7ms)
Completed 200 OK in 246ms (Views: 237.8ms | ActiveRecord: 0.0ms)


Started GET "/moos/new" for 127.0.0.1 at 2017-10-26 17:41:08 +0200
Processing by MoosController#new as HTML
  Rendering moos/new.html.erb within layouts/application
  Rendered moos/new.html.erb within layouts/application (0.5ms)
Completed 200 OK in 35ms (Views: 33.2ms | ActiveRecord: 0.0ms)


Started GET "/moos/new" for 127.0.0.1 at 2017-10-26 17:42:39 +0200
Processing by MoosController#new as HTML
  Rendering moos/new.html.erb within layouts/application
  Rendered moos/new.html.erb within layouts/application (0.5ms)
Completed 200 OK in 35ms (Views: 32.5ms | ActiveRecord: 0.0ms)


Started GET "/moos/new" for 127.0.0.1 at 2017-10-26 17:43:24 +0200
Processing by MoosController#new as HTML
  Rendering moos/new.html.erb within layouts/application
  Rendered moos/new.html.erb within layouts/application (0.5ms)
Completed 200 OK in 30ms (Views: 26.7ms | ActiveRecord: 0.0ms)


Started GET "/moos/new" for 127.0.0.1 at 2017-10-26 17:44:22 +0200
Processing by MoosController#new as HTML
  Rendering moos/new.html.erb within layouts/application
  Rendered moos/new.html.erb within layouts/application (0.7ms)
Completed 200 OK in 26ms (Views: 23.5ms | ActiveRecord: 0.0ms)


Started GET "/moos/new" for 127.0.0.1 at 2017-10-26 17:57:53 +0200
Processing by MoosController#new as HTML
  Rendering moos/new.html.erb within layouts/application
  Rendered moos/new.html.erb within layouts/application (0.5ms)
Completed 200 OK in 27ms (Views: 24.8ms | ActiveRecord: 0.0ms)


Started GET "/moos/new" for 127.0.0.1 at 2017-10-26 18:07:29 +0200
  [1m[35m (0.2ms)[0m  [1m[34mSELECT "schema_migrations"."version" FROM "schema_migrations" ORDER BY "schema_migrations"."version" ASC[0m
Processing by MoosController#new as HTML
  Rendering moos/new.html.erb within layouts/application
  Rendered moos/new.html.erb within layouts/application (10.9ms)
Completed 200 OK in 231ms (Views: 211.3ms | ActiveRecord: 0.5ms)


Started POST "/moos" for 127.0.0.1 at 2017-10-26 18:07:32 +0200
Processing by MoosController#create as HTML
  Parameters: {"utf8"=>"✓", "authenticity_token"=>"PInivMdDSvBwqZpUYxnua47imWM+pESARlJMN4fqdbydLZi+VHM89Xt9xdvjyEeT4Yz/vpQDX+qVbLst9cN6bA==", "moo"=>{"classes"=>"", "description"=>""}}
  [1m[35m (0.1ms)[0m  [1m[36mbegin transaction[0m
  [1m[35mSQL (2.5ms)[0m  [1m[32mINSERT INTO "moos" ("classes", "description", "created_at", "updated_at") VALUES (?, ?, ?, ?)[0m  [["classes", ""], ["description", ""], ["created_at", "2017-10-26 16:07:32.053363"], ["updated_at", "2017-10-26 16:07:32.053363"]]
  [1m[35m (0.6ms)[0m  [1m[36mcommit transaction[0m
Redirected to http://localhost:3000/moos/1
Completed 302 Found in 8ms (ActiveRecord: 3.4ms)


Started GET "/moos/1" for 127.0.0.1 at 2017-10-26 18:07:32 +0200
Processing by MoosController#show as HTML
  Parameters: {"id"=>"1"}
  [1m[36mMoo Load (0.2ms)[0m  [1m[34mSELECT  "moos".* FROM "moos" WHERE "moos"."id" = ? LIMIT ?[0m  [["id", 1], ["LIMIT", 1]]
Completed 406 Not Acceptable in 58ms (ActiveRecord: 0.2ms)


  
ActionController::UnknownFormat (MoosController#show is missing a template for this request format and variant.

request.formats: ["text/html"]
request.variant: []

NOTE! For XHR/Ajax or API requests, this action would normally respond with 204 No Content: an empty white screen. Since you're loading it in a web browser, we assume that you expected to actually render a template, not nothing, so we're showing an error to be extra-clear. If you expect 204 No Content, carry on. That's what you'll get from an XHR or API request. Give it a shot.):
  
actionpack (5.1.4) lib/action_controller/metal/implicit_render.rb:53:in `default_render'
actionpack (5.1.4) lib/action_controller/metal/basic_implicit_render.rb:4:in `block in send_action'
actionpack (5.1.4) lib/action_controller/metal/basic_implicit_render.rb:4:in `tap'
actionpack (5.1.4) lib/action_controller/metal/basic_implicit_render.rb:4:in `send_action'
actionpack (5.1.4) lib/abstract_controller/base.rb:186:in `process_action'
actionpack (5.1.4) lib/action_controller/metal/rendering.rb:30:in `process_action'
actionpack (5.1.4) lib/abstract_controller/callbacks.rb:20:in `block in process_action'
activesupport (5.1.4) lib/active_support/callbacks.rb:131:in `run_callbacks'
actionpack (5.1.4) lib/abstract_controller/callbacks.rb:19:in `process_action'
actionpack (5.1.4) lib/action_controller/metal/rescue.rb:20:in `process_action'
actionpack (5.1.4) lib/action_controller/metal/instrumentation.rb:32:in `block in process_action'
activesupport (5.1.4) lib/active_support/notifications.rb:166:in `block in instrument'
activesupport (5.1.4) lib/active_support/notifications/instrumenter.rb:21:in `instrument'
activesupport (5.1.4) lib/active_support/notifications.rb:166:in `instrument'
actionpack (5.1.4) lib/action_controller/metal/instrumentation.rb:30:in `process_action'
actionpack (5.1.4) lib/action_controller/metal/params_wrapper.rb:252:in `process_action'
activerecord (5.1.4) lib/active_record/railties/controller_runtime.rb:22:in `process_action'
actionpack (5.1.4) lib/abstract_controller/base.rb:124:in `process'
actionview (5.1.4) lib/action_view/rendering.rb:30:in `process'
actionpack (5.1.4) lib/action_controller/metal.rb:189:in `dispatch'
actionpack (5.1.4) lib/action_controller/metal.rb:253:in `dispatch'
actionpack (5.1.4) lib/action_dispatch/routing/route_set.rb:49:in `dispatch'
actionpack (5.1.4) lib/action_dispatch/routing/route_set.rb:31:in `serve'
actionpack (5.1.4) lib/action_dispatch/journey/router.rb:50:in `block in serve'
actionpack (5.1.4) lib/action_dispatch/journey/router.rb:33:in `each'
actionpack (5.1.4) lib/action_dispatch/journey/router.rb:33:in `serve'
actionpack (5.1.4) lib/action_dispatch/routing/route_set.rb:834:in `call'
rack (2.0.3) lib/rack/etag.rb:25:in `call'
rack (2.0.3) lib/rack/conditional_get.rb:25:in `call'
rack (2.0.3) lib/rack/head.rb:12:in `call'
rack (2.0.3) lib/rack/session/abstract/id.rb:232:in `context'
rack (2.0.3) lib/rack/session/abstract/id.rb:226:in `call'
actionpack (5.1.4) lib/action_dispatch/middleware/cookies.rb:613:in `call'
activerecord (5.1.4) lib/active_record/migration.rb:556:in `call'
actionpack (5.1.4) lib/action_dispatch/middleware/callbacks.rb:26:in `block in call'
activesupport (5.1.4) lib/active_support/callbacks.rb:97:in `run_callbacks'
actionpack (5.1.4) lib/action_dispatch/middleware/callbacks.rb:24:in `call'
actionpack (5.1.4) lib/action_dispatch/middleware/executor.rb:12:in `call'
actionpack (5.1.4) lib/action_dispatch/middleware/debug_exceptions.rb:59:in `call'
web-console (3.5.1) lib/web_console/middleware.rb:135:in `call_app'
web-console (3.5.1) lib/web_console/middleware.rb:28:in `block in call'
web-console (3.5.1) lib/web_console/middleware.rb:18:in `catch'
web-console (3.5.1) lib/web_console/middleware.rb:18:in `call'
actionpack (5.1.4) lib/action_dispatch/middleware/show_exceptions.rb:31:in `call'
railties (5.1.4) lib/rails/rack/logger.rb:36:in `call_app'
railties (5.1.4) lib/rails/rack/logger.rb:24:in `block in call'
activesupport (5.1.4) lib/active_support/tagged_logging.rb:69:in `block in tagged'
activesupport (5.1.4) lib/active_support/tagged_logging.rb:26:in `tagged'
activesupport (5.1.4) lib/active_support/tagged_logging.rb:69:in `tagged'
railties (5.1.4) lib/rails/rack/logger.rb:24:in `call'
sprockets-rails (3.2.1) lib/sprockets/rails/quiet_assets.rb:13:in `call'
actionpack (5.1.4) lib/action_dispatch/middleware/remote_ip.rb:79:in `call'
actionpack (5.1.4) lib/action_dispatch/middleware/request_id.rb:25:in `call'
rack (2.0.3) lib/rack/method_override.rb:22:in `call'
rack (2.0.3) lib/rack/runtime.rb:22:in `call'
activesupport (5.1.4) lib/active_support/cache/strategy/local_cache_middleware.rb:27:in `call'
actionpack (5.1.4) lib/action_dispatch/middleware/executor.rb:12:in `call'
actionpack (5.1.4) lib/action_dispatch/middleware/static.rb:125:in `call'
rack (2.0.3) lib/rack/sendfile.rb:111:in `call'
railties (5.1.4) lib/rails/engine.rb:522:in `call'
puma (3.10.0) lib/puma/configuration.rb:225:in `call'
puma (3.10.0) lib/puma/server.rb:605:in `handle_request'
puma (3.10.0) lib/puma/server.rb:437:in `process_client'
puma (3.10.0) lib/puma/server.rb:301:in `block in run'
puma (3.10.0) lib/puma/thread_pool.rb:120:in `block in spawn_thread'
Started POST "/moos" for 127.0.0.1 at 2017-10-26 18:07:40 +0200
Processing by MoosController#create as HTML
  Parameters: {"utf8"=>"✓", "authenticity_token"=>"PInivMdDSvBwqZpUYxnua47imWM+pESARlJMN4fqdbydLZi+VHM89Xt9xdvjyEeT4Yz/vpQDX+qVbLst9cN6bA==", "moo"=>{"classes"=>"", "description"=>""}}
  [1m[35m (0.1ms)[0m  [1m[36mbegin transaction[0m
  [1m[35mSQL (0.5ms)[0m  [1m[32mINSERT INTO "moos" ("classes", "description", "created_at", "updated_at") VALUES (?, ?, ?, ?)[0m  [["classes", ""], ["description", ""], ["created_at", "2017-10-26 16:07:40.179816"], ["updated_at", "2017-10-26 16:07:40.179816"]]
  [1m[35m (1.5ms)[0m  [1m[36mcommit transaction[0m
Redirected to http://localhost:3000/moos/2
Completed 302 Found in 6ms (ActiveRecord: 2.1ms)


Started GET "/moos/2" for 127.0.0.1 at 2017-10-26 18:07:40 +0200
Processing by MoosController#show as HTML
  Parameters: {"id"=>"2"}
  [1m[36mMoo Load (0.1ms)[0m  [1m[34mSELECT  "moos".* FROM "moos" WHERE "moos"."id" = ? LIMIT ?[0m  [["id", 2], ["LIMIT", 1]]
Completed 406 Not Acceptable in 49ms (ActiveRecord: 0.1ms)


  
ActionController::UnknownFormat (MoosController#show is missing a template for this request format and variant.

request.formats: ["text/html"]
request.variant: []

NOTE! For XHR/Ajax or API requests, this action would normally respond with 204 No Content: an empty white screen. Since you're loading it in a web browser, we assume that you expected to actually render a template, not nothing, so we're showing an error to be extra-clear. If you expect 204 No Content, carry on. That's what you'll get from an XHR or API request. Give it a shot.):
  
actionpack (5.1.4) lib/action_controller/metal/implicit_render.rb:53:in `default_render'
actionpack (5.1.4) lib/action_controller/metal/basic_implicit_render.rb:4:in `block in send_action'
actionpack (5.1.4) lib/action_controller/metal/basic_implicit_render.rb:4:in `tap'
actionpack (5.1.4) lib/action_controller/metal/basic_implicit_render.rb:4:in `send_action'
actionpack (5.1.4) lib/abstract_controller/base.rb:186:in `process_action'
actionpack (5.1.4) lib/action_controller/metal/rendering.rb:30:in `process_action'
actionpack (5.1.4) lib/abstract_controller/callbacks.rb:20:in `block in process_action'
activesupport (5.1.4) lib/active_support/callbacks.rb:131:in `run_callbacks'
actionpack (5.1.4) lib/abstract_controller/callbacks.rb:19:in `process_action'
actionpack (5.1.4) lib/action_controller/metal/rescue.rb:20:in `process_action'
actionpack (5.1.4) lib/action_controller/metal/instrumentation.rb:32:in `block in process_action'
activesupport (5.1.4) lib/active_support/notifications.rb:166:in `block in instrument'
activesupport (5.1.4) lib/active_support/notifications/instrumenter.rb:21:in `instrument'
activesupport (5.1.4) lib/active_support/notifications.rb:166:in `instrument'
actionpack (5.1.4) lib/action_controller/metal/instrumentation.rb:30:in `process_action'
actionpack (5.1.4) lib/action_controller/metal/params_wrapper.rb:252:in `process_action'
activerecord (5.1.4) lib/active_record/railties/controller_runtime.rb:22:in `process_action'
actionpack (5.1.4) lib/abstract_controller/base.rb:124:in `process'
actionview (5.1.4) lib/action_view/rendering.rb:30:in `process'
actionpack (5.1.4) lib/action_controller/metal.rb:189:in `dispatch'
actionpack (5.1.4) lib/action_controller/metal.rb:253:in `dispatch'
actionpack (5.1.4) lib/action_dispatch/routing/route_set.rb:49:in `dispatch'
actionpack (5.1.4) lib/action_dispatch/routing/route_set.rb:31:in `serve'
actionpack (5.1.4) lib/action_dispatch/journey/router.rb:50:in `block in serve'
actionpack (5.1.4) lib/action_dispatch/journey/router.rb:33:in `each'
actionpack (5.1.4) lib/action_dispatch/journey/router.rb:33:in `serve'
actionpack (5.1.4) lib/action_dispatch/routing/route_set.rb:834:in `call'
rack (2.0.3) lib/rack/etag.rb:25:in `call'
rack (2.0.3) lib/rack/conditional_get.rb:25:in `call'
rack (2.0.3) lib/rack/head.rb:12:in `call'
rack (2.0.3) lib/rack/session/abstract/id.rb:232:in `context'
rack (2.0.3) lib/rack/session/abstract/id.rb:226:in `call'
actionpack (5.1.4) lib/action_dispatch/middleware/cookies.rb:613:in `call'
activerecord (5.1.4) lib/active_record/migration.rb:556:in `call'
actionpack (5.1.4) lib/action_dispatch/middleware/callbacks.rb:26:in `block in call'
activesupport (5.1.4) lib/active_support/callbacks.rb:97:in `run_callbacks'
actionpack (5.1.4) lib/action_dispatch/middleware/callbacks.rb:24:in `call'
actionpack (5.1.4) lib/action_dispatch/middleware/executor.rb:12:in `call'
actionpack (5.1.4) lib/action_dispatch/middleware/debug_exceptions.rb:59:in `call'
web-console (3.5.1) lib/web_console/middleware.rb:135:in `call_app'
web-console (3.5.1) lib/web_console/middleware.rb:28:in `block in call'
web-console (3.5.1) lib/web_console/middleware.rb:18:in `catch'
web-console (3.5.1) lib/web_console/middleware.rb:18:in `call'
actionpack (5.1.4) lib/action_dispatch/middleware/show_exceptions.rb:31:in `call'
railties (5.1.4) lib/rails/rack/logger.rb:36:in `call_app'
railties (5.1.4) lib/rails/rack/logger.rb:24:in `block in call'
activesupport (5.1.4) lib/active_support/tagged_logging.rb:69:in `block in tagged'
activesupport (5.1.4) lib/active_support/tagged_logging.rb:26:in `tagged'
activesupport (5.1.4) lib/active_support/tagged_logging.rb:69:in `tagged'
railties (5.1.4) lib/rails/rack/logger.rb:24:in `call'
sprockets-rails (3.2.1) lib/sprockets/rails/quiet_assets.rb:13:in `call'
actionpack (5.1.4) lib/action_dispatch/middleware/remote_ip.rb:79:in `call'
actionpack (5.1.4) lib/action_dispatch/middleware/request_id.rb:25:in `call'
rack (2.0.3) lib/rack/method_override.rb:22:in `call'
rack (2.0.3) lib/rack/runtime.rb:22:in `call'
activesupport (5.1.4) lib/active_support/cache/strategy/local_cache_middleware.rb:27:in `call'
actionpack (5.1.4) lib/action_dispatch/middleware/executor.rb:12:in `call'
actionpack (5.1.4) lib/action_dispatch/middleware/static.rb:125:in `call'
rack (2.0.3) lib/rack/sendfile.rb:111:in `call'
railties (5.1.4) lib/rails/engine.rb:522:in `call'
puma (3.10.0) lib/puma/configuration.rb:225:in `call'
puma (3.10.0) lib/puma/server.rb:605:in `handle_request'
puma (3.10.0) lib/puma/server.rb:437:in `process_client'
puma (3.10.0) lib/puma/server.rb:301:in `block in run'
puma (3.10.0) lib/puma/thread_pool.rb:120:in `block in spawn_thread'
Started GET "/moos/new" for 127.0.0.1 at 2017-10-26 18:13:50 +0200
  [1m[35m (0.2ms)[0m  [1m[34mSELECT "schema_migrations"."version" FROM "schema_migrations" ORDER BY "schema_migrations"."version" ASC[0m
Processing by MoosController#new as HTML
  Rendering moos/new.html.erb within layouts/application
  Rendered moos/new.html.erb within layouts/application (8.5ms)
Completed 200 OK in 227ms (Views: 207.2ms | ActiveRecord: 0.6ms)


Started GET "/moos/new" for 127.0.0.1 at 2017-10-26 18:13:54 +0200
Processing by MoosController#new as HTML
  Rendering moos/new.html.erb within layouts/application
  Rendered moos/new.html.erb within layouts/application (1.0ms)
Completed 200 OK in 19ms (Views: 17.3ms | ActiveRecord: 0.0ms)


Started POST "/moos" for 127.0.0.1 at 2017-10-26 18:13:56 +0200
Processing by MoosController#create as HTML
  Parameters: {"utf8"=>"✓", "authenticity_token"=>"acMQMWdUZobdnWKo4Ux1mA+vC7BRMxbtabyljxud4e7IZ2oz9GQQg9ZJPSdhndxgYMFtbfuUDYe6glKVabTuPg==", "moo"=>{"classes"=>"", "description"=>""}}
  [1m[35m (0.0ms)[0m  [1m[36mbegin transaction[0m
  [1m[35mSQL (0.8ms)[0m  [1m[32mINSERT INTO "moos" ("classes", "description", "created_at", "updated_at") VALUES (?, ?, ?, ?)[0m  [["classes", ""], ["description", ""], ["created_at", "2017-10-26 16:13:56.666530"], ["updated_at", "2017-10-26 16:13:56.666530"]]
  [1m[35m (1.8ms)[0m  [1m[36mcommit transaction[0m
Redirected to http://localhost:3000/moos/3
Completed 302 Found in 7ms (ActiveRecord: 2.8ms)


Started GET "/moos/3" for 127.0.0.1 at 2017-10-26 18:13:56 +0200
Processing by MoosController#show as HTML
  Parameters: {"id"=>"3"}
  [1m[36mMoo Load (0.2ms)[0m  [1m[34mSELECT  "moos".* FROM "moos" WHERE "moos"."id" = ? LIMIT ?[0m  [["id", 3], ["LIMIT", 1]]
  Rendering moos/show.html.erb within layouts/application
  Rendered moos/show.html.erb within layouts/application (0.6ms)
Completed 200 OK in 22ms (Views: 15.9ms | ActiveRecord: 0.2ms)


Started GET "/moos" for 127.0.0.1 at 2017-10-26 18:13:58 +0200
Processing by MoosController#index as HTML
  Rendering moos/index.html.erb within layouts/application
  [1m[36mMoo Load (0.2ms)[0m  [1m[34mSELECT "moos".* FROM "moos"[0m
  Rendered moos/index.html.erb within layouts/application (1.7ms)
Completed 200 OK in 34ms (Views: 30.5ms | ActiveRecord: 0.2ms)


Started GET "/moos/new" for 127.0.0.1 at 2017-10-26 18:13:59 +0200
Processing by MoosController#new as HTML
  Rendering moos/new.html.erb within layouts/application
  Rendered moos/new.html.erb within layouts/application (2.9ms)
Completed 200 OK in 26ms (Views: 23.7ms | ActiveRecord: 0.0ms)


Started POST "/moos" for 127.0.0.1 at 2017-10-26 18:14:00 +0200
Processing by MoosController#create as HTML
  Parameters: {"utf8"=>"✓", "authenticity_token"=>"DzsZKDXOEncE7xo6hd32bClNTRWxF4OH/mjL/AFp0DhyH9o8cq1kXNH3rxm+M9eoQGShjHLp0fywF8Vq/F0vpA==", "moo"=>{"classes"=>"", "description"=>""}}
  [1m[35m (0.1ms)[0m  [1m[36mbegin transaction[0m
  [1m[35mSQL (0.8ms)[0m  [1m[32mINSERT INTO "moos" ("classes", "description", "created_at", "updated_at") VALUES (?, ?, ?, ?)[0m  [["classes", ""], ["description", ""], ["created_at", "2017-10-26 16:14:00.154917"], ["updated_at", "2017-10-26 16:14:00.154917"]]
  [1m[35m (1.4ms)[0m  [1m[36mcommit transaction[0m
Redirected to http://localhost:3000/moos/4
Completed 302 Found in 7ms (ActiveRecord: 2.3ms)


Started GET "/moos/4" for 127.0.0.1 at 2017-10-26 18:14:00 +0200
Processing by MoosController#show as HTML
  Parameters: {"id"=>"4"}
  [1m[36mMoo Load (0.2ms)[0m  [1m[34mSELECT  "moos".* FROM "moos" WHERE "moos"."id" = ? LIMIT ?[0m  [["id", 4], ["LIMIT", 1]]
  Rendering moos/show.html.erb within layouts/application
  Rendered moos/show.html.erb within layouts/application (0.6ms)
Completed 200 OK in 18ms (Views: 15.6ms | ActiveRecord: 0.2ms)


Started GET "/moos" for 127.0.0.1 at 2017-10-26 18:14:01 +0200
Processing by MoosController#index as HTML
  Rendering moos/index.html.erb within layouts/application
  [1m[36mMoo Load (0.3ms)[0m  [1m[34mSELECT "moos".* FROM "moos"[0m
  Rendered moos/index.html.erb within layouts/application (2.5ms)
Completed 200 OK in 28ms (Views: 24.6ms | ActiveRecord: 0.3ms)


Started DELETE "/moos/1" for 127.0.0.1 at 2017-10-26 18:14:02 +0200
  
AbstractController::ActionNotFound (The action 'destroy' could not be found for MoosController):
  
actionpack (5.1.4) lib/abstract_controller/base.rb:119:in `process'
actionview (5.1.4) lib/action_view/rendering.rb:30:in `process'
actionpack (5.1.4) lib/action_controller/metal.rb:189:in `dispatch'
actionpack (5.1.4) lib/action_controller/metal.rb:253:in `dispatch'
actionpack (5.1.4) lib/action_dispatch/routing/route_set.rb:49:in `dispatch'
actionpack (5.1.4) lib/action_dispatch/routing/route_set.rb:31:in `serve'
actionpack (5.1.4) lib/action_dispatch/journey/router.rb:50:in `block in serve'
actionpack (5.1.4) lib/action_dispatch/journey/router.rb:33:in `each'
actionpack (5.1.4) lib/action_dispatch/journey/router.rb:33:in `serve'
actionpack (5.1.4) lib/action_dispatch/routing/route_set.rb:834:in `call'
rack (2.0.3) lib/rack/etag.rb:25:in `call'
rack (2.0.3) lib/rack/conditional_get.rb:38:in `call'
rack (2.0.3) lib/rack/head.rb:12:in `call'
rack (2.0.3) lib/rack/session/abstract/id.rb:232:in `context'
rack (2.0.3) lib/rack/session/abstract/id.rb:226:in `call'
actionpack (5.1.4) lib/action_dispatch/middleware/cookies.rb:613:in `call'
activerecord (5.1.4) lib/active_record/migration.rb:556:in `call'
actionpack (5.1.4) lib/action_dispatch/middleware/callbacks.rb:26:in `block in call'
activesupport (5.1.4) lib/active_support/callbacks.rb:97:in `run_callbacks'
actionpack (5.1.4) lib/action_dispatch/middleware/callbacks.rb:24:in `call'
actionpack (5.1.4) lib/action_dispatch/middleware/executor.rb:12:in `call'
actionpack (5.1.4) lib/action_dispatch/middleware/debug_exceptions.rb:59:in `call'
web-console (3.5.1) lib/web_console/middleware.rb:135:in `call_app'
web-console (3.5.1) lib/web_console/middleware.rb:28:in `block in call'
web-console (3.5.1) lib/web_console/middleware.rb:18:in `catch'
web-console (3.5.1) lib/web_console/middleware.rb:18:in `call'
actionpack (5.1.4) lib/action_dispatch/middleware/show_exceptions.rb:31:in `call'
railties (5.1.4) lib/rails/rack/logger.rb:36:in `call_app'
railties (5.1.4) lib/rails/rack/logger.rb:24:in `block in call'
activesupport (5.1.4) lib/active_support/tagged_logging.rb:69:in `block in tagged'
activesupport (5.1.4) lib/active_support/tagged_logging.rb:26:in `tagged'
activesupport (5.1.4) lib/active_support/tagged_logging.rb:69:in `tagged'
railties (5.1.4) lib/rails/rack/logger.rb:24:in `call'
sprockets-rails (3.2.1) lib/sprockets/rails/quiet_assets.rb:13:in `call'
actionpack (5.1.4) lib/action_dispatch/middleware/remote_ip.rb:79:in `call'
actionpack (5.1.4) lib/action_dispatch/middleware/request_id.rb:25:in `call'
rack (2.0.3) lib/rack/method_override.rb:22:in `call'
rack (2.0.3) lib/rack/runtime.rb:22:in `call'
activesupport (5.1.4) lib/active_support/cache/strategy/local_cache_middleware.rb:27:in `call'
actionpack (5.1.4) lib/action_dispatch/middleware/executor.rb:12:in `call'
actionpack (5.1.4) lib/action_dispatch/middleware/static.rb:125:in `call'
rack (2.0.3) lib/rack/sendfile.rb:111:in `call'
railties (5.1.4) lib/rails/engine.rb:522:in `call'
puma (3.10.0) lib/puma/configuration.rb:225:in `call'
puma (3.10.0) lib/puma/server.rb:605:in `handle_request'
puma (3.10.0) lib/puma/server.rb:437:in `process_client'
puma (3.10.0) lib/puma/server.rb:301:in `block in run'
puma (3.10.0) lib/puma/thread_pool.rb:120:in `block in spawn_thread'
Started GET "/moos/new" for 127.0.0.1 at 2017-10-26 18:14:07 +0200
Processing by MoosController#new as HTML
  Rendering moos/new.html.erb within layouts/application
  Rendered moos/new.html.erb within layouts/application (2.6ms)
Completed 200 OK in 39ms (Views: 35.4ms | ActiveRecord: 0.0ms)


Started POST "/moos" for 127.0.0.1 at 2017-10-26 18:14:09 +0200
Processing by MoosController#create as HTML
  Parameters: {"utf8"=>"✓", "authenticity_token"=>"otGpY+spdX4eNGcD4BagQM21eNzqwLJwqgjkgp0LpnHf9Wp3rEoDVcss0iDb+IGEpJyURSk+4Avkd+oUYD9Z7Q==", "moo"=>{"classes"=>"", "description"=>""}}
  [1m[35m (0.1ms)[0m  [1m[36mbegin transaction[0m
  [1m[35mSQL (0.4ms)[0m  [1m[32mINSERT INTO "moos" ("classes", "description", "created_at", "updated_at") VALUES (?, ?, ?, ?)[0m  [["classes", ""], ["description", ""], ["created_at", "2017-10-26 16:14:09.103659"], ["updated_at", "2017-10-26 16:14:09.103659"]]
  [1m[35m (1.5ms)[0m  [1m[36mcommit transaction[0m
Redirected to http://localhost:3000/moos/5
Completed 302 Found in 5ms (ActiveRecord: 2.0ms)


Started GET "/moos/5" for 127.0.0.1 at 2017-10-26 18:14:09 +0200
Processing by MoosController#show as HTML
  Parameters: {"id"=>"5"}
  [1m[36mMoo Load (0.2ms)[0m  [1m[34mSELECT  "moos".* FROM "moos" WHERE "moos"."id" = ? LIMIT ?[0m  [["id", 5], ["LIMIT", 1]]
  Rendering moos/show.html.erb within layouts/application
  Rendered moos/show.html.erb within layouts/application (0.6ms)
Completed 200 OK in 20ms (Views: 17.4ms | ActiveRecord: 0.2ms)


Started GET "/moos" for 127.0.0.1 at 2017-10-26 18:14:10 +0200
Processing by MoosController#index as HTML
  Rendering moos/index.html.erb within layouts/application
  [1m[36mMoo Load (0.4ms)[0m  [1m[34mSELECT "moos".* FROM "moos"[0m
  Rendered moos/index.html.erb within layouts/application (2.3ms)
Completed 200 OK in 64ms (Views: 59.6ms | ActiveRecord: 0.4ms)


Started POST "/moos" for 127.0.0.1 at 2017-10-26 18:14:23 +0200
Processing by MoosController#create as HTML
  Parameters: {"utf8"=>"✓", "authenticity_token"=>"sF8cRRlZTYq8JLTKShZ8jWMVlWjn9bAZ+rY4SplGWEYR+2ZHimk7j7fw60XKx9V1DHvztU1Sq3MpiM9Q629Xlg==", "moo"=>{"classes"=>"njkcblkcq<N", "description"=>"klvnkf<qbnqfepijfn"}}
  [1m[35m (0.1ms)[0m  [1m[36mbegin transaction[0m
  [1m[35mSQL (0.3ms)[0m  [1m[32mINSERT INTO "moos" ("classes", "description", "created_at", "updated_at") VALUES (?, ?, ?, ?)[0m  [["classes", "njkcblkcq<N"], ["description", "klvnkf<qbnqfepijfn"], ["created_at", "2017-10-26 16:14:23.282237"], ["updated_at", "2017-10-26 16:14:23.282237"]]
  [1m[35m (1.2ms)[0m  [1m[36mcommit transaction[0m
Redirected to http://localhost:3000/moos/6
Completed 302 Found in 5ms (ActiveRecord: 1.7ms)


Started GET "/moos/6" for 127.0.0.1 at 2017-10-26 18:14:23 +0200
Processing by MoosController#show as HTML
  Parameters: {"id"=>"6"}
  [1m[36mMoo Load (0.2ms)[0m  [1m[34mSELECT  "moos".* FROM "moos" WHERE "moos"."id" = ? LIMIT ?[0m  [["id", 6], ["LIMIT", 1]]
  Rendering moos/show.html.erb within layouts/application
  Rendered moos/show.html.erb within layouts/application (0.8ms)
Completed 200 OK in 20ms (Views: 17.6ms | ActiveRecord: 0.2ms)


Started GET "/moos/6/edit" for 127.0.0.1 at 2017-10-26 18:14:25 +0200
  
AbstractController::ActionNotFound (The action 'edit' could not be found for MoosController):
  
actionpack (5.1.4) lib/abstract_controller/base.rb:119:in `process'
actionview (5.1.4) lib/action_view/rendering.rb:30:in `process'
actionpack (5.1.4) lib/action_controller/metal.rb:189:in `dispatch'
actionpack (5.1.4) lib/action_controller/metal.rb:253:in `dispatch'
actionpack (5.1.4) lib/action_dispatch/routing/route_set.rb:49:in `dispatch'
actionpack (5.1.4) lib/action_dispatch/routing/route_set.rb:31:in `serve'
actionpack (5.1.4) lib/action_dispatch/journey/router.rb:50:in `block in serve'
actionpack (5.1.4) lib/action_dispatch/journey/router.rb:33:in `each'
actionpack (5.1.4) lib/action_dispatch/journey/router.rb:33:in `serve'
actionpack (5.1.4) lib/action_dispatch/routing/route_set.rb:834:in `call'
rack (2.0.3) lib/rack/etag.rb:25:in `call'
rack (2.0.3) lib/rack/conditional_get.rb:25:in `call'
rack (2.0.3) lib/rack/head.rb:12:in `call'
rack (2.0.3) lib/rack/session/abstract/id.rb:232:in `context'
rack (2.0.3) lib/rack/session/abstract/id.rb:226:in `call'
actionpack (5.1.4) lib/action_dispatch/middleware/cookies.rb:613:in `call'
activerecord (5.1.4) lib/active_record/migration.rb:556:in `call'
actionpack (5.1.4) lib/action_dispatch/middleware/callbacks.rb:26:in `block in call'
activesupport (5.1.4) lib/active_support/callbacks.rb:97:in `run_callbacks'
actionpack (5.1.4) lib/action_dispatch/middleware/callbacks.rb:24:in `call'
actionpack (5.1.4) lib/action_dispatch/middleware/executor.rb:12:in `call'
actionpack (5.1.4) lib/action_dispatch/middleware/debug_exceptions.rb:59:in `call'
web-console (3.5.1) lib/web_console/middleware.rb:135:in `call_app'
web-console (3.5.1) lib/web_console/middleware.rb:28:in `block in call'
web-console (3.5.1) lib/web_console/middleware.rb:18:in `catch'
web-console (3.5.1) lib/web_console/middleware.rb:18:in `call'
actionpack (5.1.4) lib/action_dispatch/middleware/show_exceptions.rb:31:in `call'
railties (5.1.4) lib/rails/rack/logger.rb:36:in `call_app'
railties (5.1.4) lib/rails/rack/logger.rb:24:in `block in call'
activesupport (5.1.4) lib/active_support/tagged_logging.rb:69:in `block in tagged'
activesupport (5.1.4) lib/active_support/tagged_logging.rb:26:in `tagged'
activesupport (5.1.4) lib/active_support/tagged_logging.rb:69:in `tagged'
railties (5.1.4) lib/rails/rack/logger.rb:24:in `call'
sprockets-rails (3.2.1) lib/sprockets/rails/quiet_assets.rb:13:in `call'
actionpack (5.1.4) lib/action_dispatch/middleware/remote_ip.rb:79:in `call'
actionpack (5.1.4) lib/action_dispatch/middleware/request_id.rb:25:in `call'
rack (2.0.3) lib/rack/method_override.rb:22:in `call'
rack (2.0.3) lib/rack/runtime.rb:22:in `call'
activesupport (5.1.4) lib/active_support/cache/strategy/local_cache_middleware.rb:27:in `call'
actionpack (5.1.4) lib/action_dispatch/middleware/executor.rb:12:in `call'
actionpack (5.1.4) lib/action_dispatch/middleware/static.rb:125:in `call'
rack (2.0.3) lib/rack/sendfile.rb:111:in `call'
railties (5.1.4) lib/rails/engine.rb:522:in `call'
puma (3.10.0) lib/puma/configuration.rb:225:in `call'
puma (3.10.0) lib/puma/server.rb:605:in `handle_request'
puma (3.10.0) lib/puma/server.rb:437:in `process_client'
puma (3.10.0) lib/puma/server.rb:301:in `block in run'
puma (3.10.0) lib/puma/thread_pool.rb:120:in `block in spawn_thread'
Started GET "/moos/6" for 127.0.0.1 at 2017-10-26 18:14:26 +0200
Processing by MoosController#show as HTML
  Parameters: {"id"=>"6"}
  [1m[36mMoo Load (0.3ms)[0m  [1m[34mSELECT  "moos".* FROM "moos" WHERE "moos"."id" = ? LIMIT ?[0m  [["id", 6], ["LIMIT", 1]]
  Rendering moos/show.html.erb within layouts/application
  Rendered moos/show.html.erb within layouts/application (0.8ms)
Completed 200 OK in 49ms (Views: 44.1ms | ActiveRecord: 0.3ms)


Started GET "/moos" for 127.0.0.1 at 2017-10-26 18:14:27 +0200
Processing by MoosController#index as HTML
  Rendering moos/index.html.erb within layouts/application
  [1m[36mMoo Load (0.6ms)[0m  [1m[34mSELECT "moos".* FROM "moos"[0m
  Rendered moos/index.html.erb within layouts/application (3.6ms)
Completed 200 OK in 35ms (Views: 30.3ms | ActiveRecord: 0.6ms)


Started DELETE "/moos/6" for 127.0.0.1 at 2017-10-26 18:14:35 +0200
  
AbstractController::ActionNotFound (The action 'destroy' could not be found for MoosController):
  
actionpack (5.1.4) lib/abstract_controller/base.rb:119:in `process'
actionview (5.1.4) lib/action_view/rendering.rb:30:in `process'
actionpack (5.1.4) lib/action_controller/metal.rb:189:in `dispatch'
actionpack (5.1.4) lib/action_controller/metal.rb:253:in `dispatch'
actionpack (5.1.4) lib/action_dispatch/routing/route_set.rb:49:in `dispatch'
actionpack (5.1.4) lib/action_dispatch/routing/route_set.rb:31:in `serve'
actionpack (5.1.4) lib/action_dispatch/journey/router.rb:50:in `block in serve'
actionpack (5.1.4) lib/action_dispatch/journey/router.rb:33:in `each'
actionpack (5.1.4) lib/action_dispatch/journey/router.rb:33:in `serve'
actionpack (5.1.4) lib/action_dispatch/routing/route_set.rb:834:in `call'
rack (2.0.3) lib/rack/etag.rb:25:in `call'
rack (2.0.3) lib/rack/conditional_get.rb:38:in `call'
rack (2.0.3) lib/rack/head.rb:12:in `call'
rack (2.0.3) lib/rack/session/abstract/id.rb:232:in `context'
rack (2.0.3) lib/rack/session/abstract/id.rb:226:in `call'
actionpack (5.1.4) lib/action_dispatch/middleware/cookies.rb:613:in `call'
activerecord (5.1.4) lib/active_record/migration.rb:556:in `call'
actionpack (5.1.4) lib/action_dispatch/middleware/callbacks.rb:26:in `block in call'
activesupport (5.1.4) lib/active_support/callbacks.rb:97:in `run_callbacks'
actionpack (5.1.4) lib/action_dispatch/middleware/callbacks.rb:24:in `call'
actionpack (5.1.4) lib/action_dispatch/middleware/executor.rb:12:in `call'
actionpack (5.1.4) lib/action_dispatch/middleware/debug_exceptions.rb:59:in `call'
web-console (3.5.1) lib/web_console/middleware.rb:135:in `call_app'
web-console (3.5.1) lib/web_console/middleware.rb:28:in `block in call'
web-console (3.5.1) lib/web_console/middleware.rb:18:in `catch'
web-console (3.5.1) lib/web_console/middleware.rb:18:in `call'
actionpack (5.1.4) lib/action_dispatch/middleware/show_exceptions.rb:31:in `call'
railties (5.1.4) lib/rails/rack/logger.rb:36:in `call_app'
railties (5.1.4) lib/rails/rack/logger.rb:24:in `block in call'
activesupport (5.1.4) lib/active_support/tagged_logging.rb:69:in `block in tagged'
activesupport (5.1.4) lib/active_support/tagged_logging.rb:26:in `tagged'
activesupport (5.1.4) lib/active_support/tagged_logging.rb:69:in `tagged'
railties (5.1.4) lib/rails/rack/logger.rb:24:in `call'
sprockets-rails (3.2.1) lib/sprockets/rails/quiet_assets.rb:13:in `call'
actionpack (5.1.4) lib/action_dispatch/middleware/remote_ip.rb:79:in `call'
actionpack (5.1.4) lib/action_dispatch/middleware/request_id.rb:25:in `call'
rack (2.0.3) lib/rack/method_override.rb:22:in `call'
rack (2.0.3) lib/rack/runtime.rb:22:in `call'
activesupport (5.1.4) lib/active_support/cache/strategy/local_cache_middleware.rb:27:in `call'
actionpack (5.1.4) lib/action_dispatch/middleware/executor.rb:12:in `call'
actionpack (5.1.4) lib/action_dispatch/middleware/static.rb:125:in `call'
rack (2.0.3) lib/rack/sendfile.rb:111:in `call'
railties (5.1.4) lib/rails/engine.rb:522:in `call'
puma (3.10.0) lib/puma/configuration.rb:225:in `call'
puma (3.10.0) lib/puma/server.rb:605:in `handle_request'
puma (3.10.0) lib/puma/server.rb:437:in `process_client'
puma (3.10.0) lib/puma/server.rb:301:in `block in run'
puma (3.10.0) lib/puma/thread_pool.rb:120:in `block in spawn_thread'
Started GET "/" for 127.0.0.1 at 2017-10-26 18:28:42 +0200
  [1m[35m (0.5ms)[0m  [1m[34mSELECT "schema_migrations"."version" FROM "schema_migrations" ORDER BY "schema_migrations"."version" ASC[0m
Processing by MoosController#index as HTML
  Rendering moos/index.html.erb within layouts/application
  [1m[36mMoo Load (0.5ms)[0m  [1m[34mSELECT "moos".* FROM "moos"[0m
  Rendered moos/index.html.erb within layouts/application (17.5ms)
Completed 200 OK in 253ms (Views: 238.1ms | ActiveRecord: 1.1ms)


Started DELETE "/moos/6" for 127.0.0.1 at 2017-10-26 18:28:47 +0200
Processing by MoosController#destroy as HTML
  Parameters: {"authenticity_token"=>"PhOe273I0gpsDUcwggpDtqfG1Un7U0pXSsmPGErFU+Gft+TZLvikD2fZGL8C2+pOyKizlFH0UT2Z93gCOOxcMQ==", "id"=>"6"}
  [1m[36mMoo Load (0.2ms)[0m  [1m[34mSELECT  "moos".* FROM "moos" WHERE "moos"."id" = ? LIMIT ?[0m  [["id", 6], ["LIMIT", 1]]
  [1m[35m (0.1ms)[0m  [1m[36mbegin transaction[0m
  [1m[35mSQL (0.3ms)[0m  [1m[31mDELETE FROM "moos" WHERE "moos"."id" = ?[0m  [["id", 6]]
  [1m[35m (0.7ms)[0m  [1m[36mcommit transaction[0m
Redirected to http://localhost:3000/moos
Completed 302 Found in 8ms (ActiveRecord: 1.4ms)


Started GET "/moos" for 127.0.0.1 at 2017-10-26 18:28:47 +0200
Processing by MoosController#index as HTML
  Rendering moos/index.html.erb within layouts/application
  [1m[36mMoo Load (0.2ms)[0m  [1m[34mSELECT "moos".* FROM "moos"[0m
  Rendered moos/index.html.erb within layouts/application (2.0ms)
Completed 200 OK in 23ms (Views: 21.0ms | ActiveRecord: 0.2ms)


Started GET "/moos/new" for 127.0.0.1 at 2017-10-26 18:29:16 +0200
Processing by MoosController#new as HTML
  Rendering moos/new.html.erb within layouts/application
  Rendered moos/new.html.erb within layouts/application (19.5ms)
Completed 200 OK in 53ms (Views: 45.6ms | ActiveRecord: 0.0ms)


Started GET "/" for 127.0.0.1 at 2017-10-26 18:29:28 +0200
Processing by MoosController#index as HTML
  Rendering moos/index.html.erb within layouts/application
  [1m[36mMoo Load (0.2ms)[0m  [1m[34mSELECT "moos".* FROM "moos"[0m
  Rendered moos/index.html.erb within layouts/application (1.5ms)
Completed 200 OK in 20ms (Views: 18.6ms | ActiveRecord: 0.2ms)


Started GET "/moos/new" for 127.0.0.1 at 2017-10-26 18:29:33 +0200
Processing by MoosController#new as HTML
  Rendering moos/new.html.erb within layouts/application
  Rendered moos/new.html.erb within layouts/application (1.9ms)
Completed 200 OK in 34ms (Views: 30.4ms | ActiveRecord: 0.0ms)


Started POST "/moos" for 127.0.0.1 at 2017-10-26 18:29:38 +0200
Processing by MoosController#create as HTML
  Parameters: {"utf8"=>"✓", "authenticity_token"=>"IIky1iF8z0belOTDOg7EkHC8z1JHIzpHXlvEtV/sqE9drfHCZh+5bQuMUeAB4OVUGZUjy4TdaDwQJMojothX0w==", "moo"=>{"classes"=>"ojcqb", "description"=>"jbsqjbc<"}}
  [1m[35m (0.2ms)[0m  [1m[36mbegin transaction[0m
  [1m[35mSQL (0.8ms)[0m  [1m[32mINSERT INTO "moos" ("classes", "description", "created_at", "updated_at") VALUES (?, ?, ?, ?)[0m  [["classes", "ojcqb"], ["description", "jbsqjbc<"], ["created_at", "2017-10-26 16:29:38.246717"], ["updated_at", "2017-10-26 16:29:38.246717"]]
  [1m[35m (1.4ms)[0m  [1m[36mcommit transaction[0m
Redirected to http://localhost:3000/moos/7
Completed 302 Found in 8ms (ActiveRecord: 2.4ms)


Started GET "/moos/7" for 127.0.0.1 at 2017-10-26 18:29:38 +0200
Processing by MoosController#show as HTML
  Parameters: {"id"=>"7"}
  [1m[36mMoo Load (0.2ms)[0m  [1m[34mSELECT  "moos".* FROM "moos" WHERE "moos"."id" = ? LIMIT ?[0m  [["id", 7], ["LIMIT", 1]]
  Rendering moos/show.html.erb within layouts/application
  Rendered moos/show.html.erb within layouts/application (0.7ms)
Completed 200 OK in 19ms (Views: 16.0ms | ActiveRecord: 0.2ms)


Started GET "/moos/7/edit" for 127.0.0.1 at 2017-10-26 18:29:39 +0200
  
AbstractController::ActionNotFound (The action 'edit' could not be found for MoosController):
  
actionpack (5.1.4) lib/abstract_controller/base.rb:119:in `process'
actionview (5.1.4) lib/action_view/rendering.rb:30:in `process'
actionpack (5.1.4) lib/action_controller/metal.rb:189:in `dispatch'
actionpack (5.1.4) lib/action_controller/metal.rb:253:in `dispatch'
actionpack (5.1.4) lib/action_dispatch/routing/route_set.rb:49:in `dispatch'
actionpack (5.1.4) lib/action_dispatch/routing/route_set.rb:31:in `serve'
actionpack (5.1.4) lib/action_dispatch/journey/router.rb:50:in `block in serve'
actionpack (5.1.4) lib/action_dispatch/journey/router.rb:33:in `each'
actionpack (5.1.4) lib/action_dispatch/journey/router.rb:33:in `serve'
actionpack (5.1.4) lib/action_dispatch/routing/route_set.rb:834:in `call'
rack (2.0.3) lib/rack/etag.rb:25:in `call'
rack (2.0.3) lib/rack/conditional_get.rb:25:in `call'
rack (2.0.3) lib/rack/head.rb:12:in `call'
rack (2.0.3) lib/rack/session/abstract/id.rb:232:in `context'
rack (2.0.3) lib/rack/session/abstract/id.rb:226:in `call'
actionpack (5.1.4) lib/action_dispatch/middleware/cookies.rb:613:in `call'
activerecord (5.1.4) lib/active_record/migration.rb:556:in `call'
actionpack (5.1.4) lib/action_dispatch/middleware/callbacks.rb:26:in `block in call'
activesupport (5.1.4) lib/active_support/callbacks.rb:97:in `run_callbacks'
actionpack (5.1.4) lib/action_dispatch/middleware/callbacks.rb:24:in `call'
actionpack (5.1.4) lib/action_dispatch/middleware/executor.rb:12:in `call'
actionpack (5.1.4) lib/action_dispatch/middleware/debug_exceptions.rb:59:in `call'
web-console (3.5.1) lib/web_console/middleware.rb:135:in `call_app'
web-console (3.5.1) lib/web_console/middleware.rb:28:in `block in call'
web-console (3.5.1) lib/web_console/middleware.rb:18:in `catch'
web-console (3.5.1) lib/web_console/middleware.rb:18:in `call'
actionpack (5.1.4) lib/action_dispatch/middleware/show_exceptions.rb:31:in `call'
railties (5.1.4) lib/rails/rack/logger.rb:36:in `call_app'
railties (5.1.4) lib/rails/rack/logger.rb:24:in `block in call'
activesupport (5.1.4) lib/active_support/tagged_logging.rb:69:in `block in tagged'
activesupport (5.1.4) lib/active_support/tagged_logging.rb:26:in `tagged'
activesupport (5.1.4) lib/active_support/tagged_logging.rb:69:in `tagged'
railties (5.1.4) lib/rails/rack/logger.rb:24:in `call'
sprockets-rails (3.2.1) lib/sprockets/rails/quiet_assets.rb:13:in `call'
actionpack (5.1.4) lib/action_dispatch/middleware/remote_ip.rb:79:in `call'
actionpack (5.1.4) lib/action_dispatch/middleware/request_id.rb:25:in `call'
rack (2.0.3) lib/rack/method_override.rb:22:in `call'
rack (2.0.3) lib/rack/runtime.rb:22:in `call'
activesupport (5.1.4) lib/active_support/cache/strategy/local_cache_middleware.rb:27:in `call'
actionpack (5.1.4) lib/action_dispatch/middleware/executor.rb:12:in `call'
actionpack (5.1.4) lib/action_dispatch/middleware/static.rb:125:in `call'
rack (2.0.3) lib/rack/sendfile.rb:111:in `call'
railties (5.1.4) lib/rails/engine.rb:522:in `call'
puma (3.10.0) lib/puma/configuration.rb:225:in `call'
puma (3.10.0) lib/puma/server.rb:605:in `handle_request'
puma (3.10.0) lib/puma/server.rb:437:in `process_client'
puma (3.10.0) lib/puma/server.rb:301:in `block in run'
puma (3.10.0) lib/puma/thread_pool.rb:120:in `block in spawn_thread'
Started GET "/moos/7" for 127.0.0.1 at 2017-10-26 18:29:41 +0200
Processing by MoosController#show as HTML
  Parameters: {"id"=>"7"}
  [1m[36mMoo Load (0.3ms)[0m  [1m[34mSELECT  "moos".* FROM "moos" WHERE "moos"."id" = ? LIMIT ?[0m  [["id", 7], ["LIMIT", 1]]
  Rendering moos/show.html.erb within layouts/application
  Rendered moos/show.html.erb within layouts/application (0.9ms)
Completed 200 OK in 37ms (Views: 32.0ms | ActiveRecord: 0.3ms)


Started GET "/moos" for 127.0.0.1 at 2017-10-26 18:29:42 +0200
Processing by MoosController#index as HTML
  Rendering moos/index.html.erb within layouts/application
  [1m[36mMoo Load (0.3ms)[0m  [1m[34mSELECT "moos".* FROM "moos"[0m
  Rendered moos/index.html.erb within layouts/application (3.4ms)
Completed 200 OK in 29ms (Views: 25.1ms | ActiveRecord: 0.3ms)


Started DELETE "/moos/7" for 127.0.0.1 at 2017-10-26 18:29:45 +0200
Processing by MoosController#destroy as HTML
  Parameters: {"authenticity_token"=>"mihHQjObpD4iOFwdhGmf66rKgCN/7KjX4gwKJrQaY+g7jD1AoKvSOynsA5IEuDYTxaTm/tVLs70xMv08xjNsOA==", "id"=>"7"}
  [1m[36mMoo Load (0.3ms)[0m  [1m[34mSELECT  "moos".* FROM "moos" WHERE "moos"."id" = ? LIMIT ?[0m  [["id", 7], ["LIMIT", 1]]
  [1m[35m (0.1ms)[0m  [1m[36mbegin transaction[0m
  [1m[35mSQL (0.4ms)[0m  [1m[31mDELETE FROM "moos" WHERE "moos"."id" = ?[0m  [["id", 7]]
  [1m[35m (2.0ms)[0m  [1m[36mcommit transaction[0m
Redirected to http://localhost:3000/moos
Completed 302 Found in 7ms (ActiveRecord: 2.7ms)


Started GET "/moos" for 127.0.0.1 at 2017-10-26 18:29:45 +0200
Processing by MoosController#index as HTML
  Rendering moos/index.html.erb within layouts/application
  [1m[36mMoo Load (0.4ms)[0m  [1m[34mSELECT "moos".* FROM "moos"[0m
  Rendered moos/index.html.erb within layouts/application (2.8ms)
Completed 200 OK in 22ms (Views: 19.8ms | ActiveRecord: 0.4ms)


Started GET "/moos/new" for 127.0.0.1 at 2017-10-26 18:30:22 +0200
Processing by MoosController#new as HTML
  Rendering moos/new.html.erb within layouts/application
  Rendered moos/new.html.erb within layouts/application (2.7ms)
Completed 200 OK in 61ms (Views: 57.5ms | ActiveRecord: 0.0ms)


Started POST "/moos" for 127.0.0.1 at 2017-10-26 18:30:27 +0200
Processing by MoosController#create as HTML
  Parameters: {"utf8"=>"✓", "authenticity_token"=>"EI4qcYfn12VFKPNtGNz87BuLP4gYimy3LjTZM5jX+7FtqullwIShTpAwRk4jMt0ocqLTEdt0PsxgS9elZeMELQ==", "moo"=>{"classes"=>"jkcqbqkcj<", "description"=>"cqskjnlkc<q"}}
  [1m[35m (0.1ms)[0m  [1m[36mbegin transaction[0m
  [1m[35mSQL (0.5ms)[0m  [1m[32mINSERT INTO "moos" ("classes", "description", "created_at", "updated_at") VALUES (?, ?, ?, ?)[0m  [["classes", "jkcqbqkcj<"], ["description", "cqskjnlkc<q"], ["created_at", "2017-10-26 16:30:27.736514"], ["updated_at", "2017-10-26 16:30:27.736514"]]
  [1m[35m (0.9ms)[0m  [1m[36mcommit transaction[0m
Redirected to http://localhost:3000/moos/8
Completed 302 Found in 7ms (ActiveRecord: 1.5ms)


Started GET "/moos/8" for 127.0.0.1 at 2017-10-26 18:30:27 +0200
Processing by MoosController#show as HTML
  Parameters: {"id"=>"8"}
  [1m[36mMoo Load (0.1ms)[0m  [1m[34mSELECT  "moos".* FROM "moos" WHERE "moos"."id" = ? LIMIT ?[0m  [["id", 8], ["LIMIT", 1]]
  Rendering moos/show.html.erb within layouts/application
  Rendered moos/show.html.erb within layouts/application (1.0ms)
Completed 200 OK in 23ms (Views: 21.0ms | ActiveRecord: 0.1ms)


Started GET "/moos/8/edit" for 127.0.0.1 at 2017-10-26 18:30:28 +0200
  
AbstractController::ActionNotFound (The action 'edit' could not be found for MoosController):
  
actionpack (5.1.4) lib/abstract_controller/base.rb:119:in `process'
actionview (5.1.4) lib/action_view/rendering.rb:30:in `process'
actionpack (5.1.4) lib/action_controller/metal.rb:189:in `dispatch'
actionpack (5.1.4) lib/action_controller/metal.rb:253:in `dispatch'
actionpack (5.1.4) lib/action_dispatch/routing/route_set.rb:49:in `dispatch'
actionpack (5.1.4) lib/action_dispatch/routing/route_set.rb:31:in `serve'
actionpack (5.1.4) lib/action_dispatch/journey/router.rb:50:in `block in serve'
actionpack (5.1.4) lib/action_dispatch/journey/router.rb:33:in `each'
actionpack (5.1.4) lib/action_dispatch/journey/router.rb:33:in `serve'
actionpack (5.1.4) lib/action_dispatch/routing/route_set.rb:834:in `call'
rack (2.0.3) lib/rack/etag.rb:25:in `call'
rack (2.0.3) lib/rack/conditional_get.rb:25:in `call'
rack (2.0.3) lib/rack/head.rb:12:in `call'
rack (2.0.3) lib/rack/session/abstract/id.rb:232:in `context'
rack (2.0.3) lib/rack/session/abstract/id.rb:226:in `call'
actionpack (5.1.4) lib/action_dispatch/middleware/cookies.rb:613:in `call'
activerecord (5.1.4) lib/active_record/migration.rb:556:in `call'
actionpack (5.1.4) lib/action_dispatch/middleware/callbacks.rb:26:in `block in call'
activesupport (5.1.4) lib/active_support/callbacks.rb:97:in `run_callbacks'
actionpack (5.1.4) lib/action_dispatch/middleware/callbacks.rb:24:in `call'
actionpack (5.1.4) lib/action_dispatch/middleware/executor.rb:12:in `call'
actionpack (5.1.4) lib/action_dispatch/middleware/debug_exceptions.rb:59:in `call'
web-console (3.5.1) lib/web_console/middleware.rb:135:in `call_app'
web-console (3.5.1) lib/web_console/middleware.rb:28:in `block in call'
web-console (3.5.1) lib/web_console/middleware.rb:18:in `catch'
web-console (3.5.1) lib/web_console/middleware.rb:18:in `call'
actionpack (5.1.4) lib/action_dispatch/middleware/show_exceptions.rb:31:in `call'
railties (5.1.4) lib/rails/rack/logger.rb:36:in `call_app'
railties (5.1.4) lib/rails/rack/logger.rb:24:in `block in call'
activesupport (5.1.4) lib/active_support/tagged_logging.rb:69:in `block in tagged'
activesupport (5.1.4) lib/active_support/tagged_logging.rb:26:in `tagged'
activesupport (5.1.4) lib/active_support/tagged_logging.rb:69:in `tagged'
railties (5.1.4) lib/rails/rack/logger.rb:24:in `call'
sprockets-rails (3.2.1) lib/sprockets/rails/quiet_assets.rb:13:in `call'
actionpack (5.1.4) lib/action_dispatch/middleware/remote_ip.rb:79:in `call'
actionpack (5.1.4) lib/action_dispatch/middleware/request_id.rb:25:in `call'
rack (2.0.3) lib/rack/method_override.rb:22:in `call'
rack (2.0.3) lib/rack/runtime.rb:22:in `call'
activesupport (5.1.4) lib/active_support/cache/strategy/local_cache_middleware.rb:27:in `call'
actionpack (5.1.4) lib/action_dispatch/middleware/executor.rb:12:in `call'
actionpack (5.1.4) lib/action_dispatch/middleware/static.rb:125:in `call'
rack (2.0.3) lib/rack/sendfile.rb:111:in `call'
railties (5.1.4) lib/rails/engine.rb:522:in `call'
puma (3.10.0) lib/puma/configuration.rb:225:in `call'
puma (3.10.0) lib/puma/server.rb:605:in `handle_request'
puma (3.10.0) lib/puma/server.rb:437:in `process_client'
puma (3.10.0) lib/puma/server.rb:301:in `block in run'
puma (3.10.0) lib/puma/thread_pool.rb:120:in `block in spawn_thread'
Started GET "/moos/8/edit" for 127.0.0.1 at 2017-10-26 18:34:19 +0200
  [1m[35m (0.2ms)[0m  [1m[34mSELECT "schema_migrations"."version" FROM "schema_migrations" ORDER BY "schema_migrations"."version" ASC[0m
  
AbstractController::ActionNotFound (The action 'edit' could not be found for MoosController):
  
actionpack (5.1.4) lib/abstract_controller/base.rb:119:in `process'
actionview (5.1.4) lib/action_view/rendering.rb:30:in `process'
actionpack (5.1.4) lib/action_controller/metal.rb:189:in `dispatch'
actionpack (5.1.4) lib/action_controller/metal.rb:253:in `dispatch'
actionpack (5.1.4) lib/action_dispatch/routing/route_set.rb:49:in `dispatch'
actionpack (5.1.4) lib/action_dispatch/routing/route_set.rb:31:in `serve'
actionpack (5.1.4) lib/action_dispatch/journey/router.rb:50:in `block in serve'
actionpack (5.1.4) lib/action_dispatch/journey/router.rb:33:in `each'
actionpack (5.1.4) lib/action_dispatch/journey/router.rb:33:in `serve'
actionpack (5.1.4) lib/action_dispatch/routing/route_set.rb:834:in `call'
rack (2.0.3) lib/rack/etag.rb:25:in `call'
rack (2.0.3) lib/rack/conditional_get.rb:25:in `call'
rack (2.0.3) lib/rack/head.rb:12:in `call'
rack (2.0.3) lib/rack/session/abstract/id.rb:232:in `context'
rack (2.0.3) lib/rack/session/abstract/id.rb:226:in `call'
actionpack (5.1.4) lib/action_dispatch/middleware/cookies.rb:613:in `call'
activerecord (5.1.4) lib/active_record/migration.rb:556:in `call'
actionpack (5.1.4) lib/action_dispatch/middleware/callbacks.rb:26:in `block in call'
activesupport (5.1.4) lib/active_support/callbacks.rb:97:in `run_callbacks'
actionpack (5.1.4) lib/action_dispatch/middleware/callbacks.rb:24:in `call'
actionpack (5.1.4) lib/action_dispatch/middleware/executor.rb:12:in `call'
actionpack (5.1.4) lib/action_dispatch/middleware/debug_exceptions.rb:59:in `call'
web-console (3.5.1) lib/web_console/middleware.rb:135:in `call_app'
web-console (3.5.1) lib/web_console/middleware.rb:28:in `block in call'
web-console (3.5.1) lib/web_console/middleware.rb:18:in `catch'
web-console (3.5.1) lib/web_console/middleware.rb:18:in `call'
actionpack (5.1.4) lib/action_dispatch/middleware/show_exceptions.rb:31:in `call'
railties (5.1.4) lib/rails/rack/logger.rb:36:in `call_app'
railties (5.1.4) lib/rails/rack/logger.rb:24:in `block in call'
activesupport (5.1.4) lib/active_support/tagged_logging.rb:69:in `block in tagged'
activesupport (5.1.4) lib/active_support/tagged_logging.rb:26:in `tagged'
activesupport (5.1.4) lib/active_support/tagged_logging.rb:69:in `tagged'
railties (5.1.4) lib/rails/rack/logger.rb:24:in `call'
sprockets-rails (3.2.1) lib/sprockets/rails/quiet_assets.rb:13:in `call'
actionpack (5.1.4) lib/action_dispatch/middleware/remote_ip.rb:79:in `call'
actionpack (5.1.4) lib/action_dispatch/middleware/request_id.rb:25:in `call'
rack (2.0.3) lib/rack/method_override.rb:22:in `call'
rack (2.0.3) lib/rack/runtime.rb:22:in `call'
activesupport (5.1.4) lib/active_support/cache/strategy/local_cache_middleware.rb:27:in `call'
actionpack (5.1.4) lib/action_dispatch/middleware/executor.rb:12:in `call'
actionpack (5.1.4) lib/action_dispatch/middleware/static.rb:125:in `call'
rack (2.0.3) lib/rack/sendfile.rb:111:in `call'
railties (5.1.4) lib/rails/engine.rb:522:in `call'
puma (3.10.0) lib/puma/configuration.rb:225:in `call'
puma (3.10.0) lib/puma/server.rb:605:in `handle_request'
puma (3.10.0) lib/puma/server.rb:437:in `process_client'
puma (3.10.0) lib/puma/server.rb:301:in `block in run'
puma (3.10.0) lib/puma/thread_pool.rb:120:in `block in spawn_thread'
Started POST "/moos" for 127.0.0.1 at 2017-10-26 18:34:23 +0200
Processing by MoosController#create as HTML
  Parameters: {"utf8"=>"✓", "authenticity_token"=>"jT+QLLszKaN3SiEJshEWx1AAuLfrKkiuU7y4x8NSwXQsm+ouKANfpnyefoYywL8/P27eakGNU8SAgk/dsXvOpA==", "moo"=>{"classes"=>"jkcqbqkcj<", "description"=>"cqskjnlkc<q"}}
  [1m[35m (0.1ms)[0m  [1m[36mbegin transaction[0m
  [1m[35mSQL (0.4ms)[0m  [1m[32mINSERT INTO "moos" ("classes", "description", "created_at", "updated_at") VALUES (?, ?, ?, ?)[0m  [["classes", "jkcqbqkcj<"], ["description", "cqskjnlkc<q"], ["created_at", "2017-10-26 16:34:23.746198"], ["updated_at", "2017-10-26 16:34:23.746198"]]
  [1m[35m (1.6ms)[0m  [1m[36mcommit transaction[0m
Redirected to http://localhost:3000/moos/9
Completed 302 Found in 25ms (ActiveRecord: 2.9ms)


Started GET "/moos/9" for 127.0.0.1 at 2017-10-26 18:34:23 +0200
Processing by MoosController#show as HTML
  Parameters: {"id"=>"9"}
  [1m[36mMoo Load (0.5ms)[0m  [1m[34mSELECT  "moos".* FROM "moos" WHERE "moos"."id" = ? LIMIT ?[0m  [["id", 9], ["LIMIT", 1]]
  Rendering moos/show.html.erb within layouts/application
  Rendered moos/show.html.erb within layouts/application (0.8ms)
Completed 200 OK in 244ms (Views: 233.2ms | ActiveRecord: 0.5ms)


Started GET "/moos/9/edit" for 127.0.0.1 at 2017-10-26 18:34:25 +0200
  
AbstractController::ActionNotFound (The action 'edit' could not be found for MoosController):
  
actionpack (5.1.4) lib/abstract_controller/base.rb:119:in `process'
actionview (5.1.4) lib/action_view/rendering.rb:30:in `process'
actionpack (5.1.4) lib/action_controller/metal.rb:189:in `dispatch'
actionpack (5.1.4) lib/action_controller/metal.rb:253:in `dispatch'
actionpack (5.1.4) lib/action_dispatch/routing/route_set.rb:49:in `dispatch'
actionpack (5.1.4) lib/action_dispatch/routing/route_set.rb:31:in `serve'
actionpack (5.1.4) lib/action_dispatch/journey/router.rb:50:in `block in serve'
actionpack (5.1.4) lib/action_dispatch/journey/router.rb:33:in `each'
actionpack (5.1.4) lib/action_dispatch/journey/router.rb:33:in `serve'
actionpack (5.1.4) lib/action_dispatch/routing/route_set.rb:834:in `call'
rack (2.0.3) lib/rack/etag.rb:25:in `call'
rack (2.0.3) lib/rack/conditional_get.rb:25:in `call'
rack (2.0.3) lib/rack/head.rb:12:in `call'
rack (2.0.3) lib/rack/session/abstract/id.rb:232:in `context'
rack (2.0.3) lib/rack/session/abstract/id.rb:226:in `call'
actionpack (5.1.4) lib/action_dispatch/middleware/cookies.rb:613:in `call'
activerecord (5.1.4) lib/active_record/migration.rb:556:in `call'
actionpack (5.1.4) lib/action_dispatch/middleware/callbacks.rb:26:in `block in call'
activesupport (5.1.4) lib/active_support/callbacks.rb:97:in `run_callbacks'
actionpack (5.1.4) lib/action_dispatch/middleware/callbacks.rb:24:in `call'
actionpack (5.1.4) lib/action_dispatch/middleware/executor.rb:12:in `call'
actionpack (5.1.4) lib/action_dispatch/middleware/debug_exceptions.rb:59:in `call'
web-console (3.5.1) lib/web_console/middleware.rb:135:in `call_app'
web-console (3.5.1) lib/web_console/middleware.rb:28:in `block in call'
web-console (3.5.1) lib/web_console/middleware.rb:18:in `catch'
web-console (3.5.1) lib/web_console/middleware.rb:18:in `call'
actionpack (5.1.4) lib/action_dispatch/middleware/show_exceptions.rb:31:in `call'
railties (5.1.4) lib/rails/rack/logger.rb:36:in `call_app'
railties (5.1.4) lib/rails/rack/logger.rb:24:in `block in call'
activesupport (5.1.4) lib/active_support/tagged_logging.rb:69:in `block in tagged'
activesupport (5.1.4) lib/active_support/tagged_logging.rb:26:in `tagged'
activesupport (5.1.4) lib/active_support/tagged_logging.rb:69:in `tagged'
railties (5.1.4) lib/rails/rack/logger.rb:24:in `call'
sprockets-rails (3.2.1) lib/sprockets/rails/quiet_assets.rb:13:in `call'
actionpack (5.1.4) lib/action_dispatch/middleware/remote_ip.rb:79:in `call'
actionpack (5.1.4) lib/action_dispatch/middleware/request_id.rb:25:in `call'
rack (2.0.3) lib/rack/method_override.rb:22:in `call'
rack (2.0.3) lib/rack/runtime.rb:22:in `call'
activesupport (5.1.4) lib/active_support/cache/strategy/local_cache_middleware.rb:27:in `call'
actionpack (5.1.4) lib/action_dispatch/middleware/executor.rb:12:in `call'
actionpack (5.1.4) lib/action_dispatch/middleware/static.rb:125:in `call'
rack (2.0.3) lib/rack/sendfile.rb:111:in `call'
railties (5.1.4) lib/rails/engine.rb:522:in `call'
puma (3.10.0) lib/puma/configuration.rb:225:in `call'
puma (3.10.0) lib/puma/server.rb:605:in `handle_request'
puma (3.10.0) lib/puma/server.rb:437:in `process_client'
puma (3.10.0) lib/puma/server.rb:301:in `block in run'
puma (3.10.0) lib/puma/thread_pool.rb:120:in `block in spawn_thread'
Started GET "/moos/9/edit" for 127.0.0.1 at 2017-10-26 18:38:06 +0200
Processing by MoosController#edit as HTML
  Parameters: {"id"=>"9"}
  Rendering moos/edit.html.erb within layouts/application
  Rendered moos/edit.html.erb within layouts/application (1.9ms)
Completed 500 Internal Server Error in 8ms


  
ActionView::Template::Error (First argument in form cannot contain nil or be empty):
    1: <h1>Editer le cour</h1>
    2: 
    3: <%= form_for @moo do |f| %>
    4: 
    5:   <div>
    6: 
  
app/views/moos/edit.html.erb:3:in `_app_views_moos_edit_html_erb___2231212599163516640_70235114427320'
Started GET "/moos/9/edit" for 127.0.0.1 at 2017-10-26 18:38:31 +0200
  [1m[35m (0.6ms)[0m  [1m[34mSELECT "schema_migrations"."version" FROM "schema_migrations" ORDER BY "schema_migrations"."version" ASC[0m
Processing by MoosController#edit as HTML
  Parameters: {"id"=>"9"}
  Rendering moos/edit.html.erb within layouts/application
  Rendered moos/edit.html.erb within layouts/application (5.4ms)
Completed 500 Internal Server Error in 26ms (ActiveRecord: 0.0ms)


  
ActionView::Template::Error (First argument in form cannot contain nil or be empty):
    1: <h1>Editer le cour</h1>
    2: 
    3: <%= form_for @moo do |f| %>
    4: 
    5:   <div>
    6: 
  
app/views/moos/edit.html.erb:3:in `_app_views_moos_edit_html_erb__3010340414035300811_70182361107240'
Started GET "/moos" for 127.0.0.1 at 2017-10-26 18:38:39 +0200
Processing by MoosController#index as HTML
  Rendering moos/index.html.erb within layouts/application
  [1m[36mMoo Load (0.3ms)[0m  [1m[34mSELECT "moos".* FROM "moos"[0m
  Rendered moos/index.html.erb within layouts/application (26.0ms)
Completed 200 OK in 308ms (Views: 294.4ms | ActiveRecord: 3.2ms)


Started GET "/" for 127.0.0.1 at 2017-10-26 18:38:47 +0200
Processing by MoosController#index as HTML
  Rendering moos/index.html.erb within layouts/application
  [1m[36mMoo Load (2.3ms)[0m  [1m[34mSELECT "moos".* FROM "moos"[0m
  Rendered moos/index.html.erb within layouts/application (5.1ms)
Completed 200 OK in 37ms (Views: 31.3ms | ActiveRecord: 2.3ms)


Started GET "/moos/new" for 127.0.0.1 at 2017-10-26 18:38:54 +0200
Processing by MoosController#new as HTML
  Rendering moos/new.html.erb within layouts/application
  Rendered moos/new.html.erb within layouts/application (10.6ms)
Completed 200 OK in 50ms (Views: 39.2ms | ActiveRecord: 0.0ms)


Started POST "/moos" for 127.0.0.1 at 2017-10-26 18:38:59 +0200
Processing by MoosController#create as HTML
  Parameters: {"utf8"=>"✓", "authenticity_token"=>"A0/kfK5/uLrwzd3rsTAq8WGlysgJGzE//YefTfEtuHh+aydo6RzOkSXVaMiK3gs1CIwmUcrlY0Sz+JHbDBlH5A==", "moo"=>{"classes"=>"jpiqfnf<", "description"=>"njlbdlvb"}}
  [1m[35m (0.1ms)[0m  [1m[36mbegin transaction[0m
  [1m[35mSQL (0.4ms)[0m  [1m[32mINSERT INTO "moos" ("classes", "description", "created_at", "updated_at") VALUES (?, ?, ?, ?)[0m  [["classes", "jpiqfnf<"], ["description", "njlbdlvb"], ["created_at", "2017-10-26 16:38:59.807135"], ["updated_at", "2017-10-26 16:38:59.807135"]]
  [1m[35m (0.6ms)[0m  [1m[36mcommit transaction[0m
Redirected to http://localhost:3000/moos/10
Completed 302 Found in 4ms (ActiveRecord: 1.0ms)


Started GET "/moos/10" for 127.0.0.1 at 2017-10-26 18:38:59 +0200
Processing by MoosController#show as HTML
  Parameters: {"id"=>"10"}
  [1m[36mMoo Load (0.6ms)[0m  [1m[34mSELECT  "moos".* FROM "moos" WHERE "moos"."id" = ? LIMIT ?[0m  [["id", 10], ["LIMIT", 1]]
  Rendering moos/show.html.erb within layouts/application
  Rendered moos/show.html.erb within layouts/application (0.6ms)
Completed 200 OK in 27ms (Views: 17.6ms | ActiveRecord: 0.6ms)


Started GET "/moos/10/edit" for 127.0.0.1 at 2017-10-26 18:39:01 +0200
Processing by MoosController#edit as HTML
  Parameters: {"id"=>"10"}
  Rendering moos/edit.html.erb within layouts/application
  Rendered moos/edit.html.erb within layouts/application (2.0ms)
Completed 500 Internal Server Error in 13ms (ActiveRecord: 0.0ms)


  
ActionView::Template::Error (First argument in form cannot contain nil or be empty):
    1: <h1>Editer le cour</h1>
    2: 
    3: <%= form_for @moo do |f| %>
    4: 
    5:   <div>
    6: 
  
app/views/moos/edit.html.erb:3:in `_app_views_moos_edit_html_erb__3010340414035300811_70182365840580'
Started GET "/moos/10/edit" for 127.0.0.1 at 2017-10-26 18:40:24 +0200
  [1m[35m (0.3ms)[0m  [1m[34mSELECT "schema_migrations"."version" FROM "schema_migrations" ORDER BY "schema_migrations"."version" ASC[0m
Processing by MoosController#edit as HTML
  Parameters: {"id"=>"10"}
  Rendering moos/edit.html.erb within layouts/application
  Rendered moos/edit.html.erb within layouts/application (9.6ms)
Completed 500 Internal Server Error in 47ms (ActiveRecord: 0.0ms)


  
ActionView::Template::Error (First argument in form cannot contain nil or be empty):
    1: <h1>Editer le cour</h1>
    2: 
    3: <%= form_for @moo do |f| %>
    4: 
    5:   <div>
    6: 
  
app/views/moos/edit.html.erb:3:in `_app_views_moos_edit_html_erb__3867617242595081987_70254194123900'
Started DELETE "/moos/8" for 127.0.0.1 at 2017-10-26 18:40:42 +0200
Processing by MoosController#destroy as HTML
  Parameters: {"authenticity_token"=>"WsEVwR9lm0bnbHtx0x5932cZfFDF7zYrfVLbKGkrtVz7ZW/DjFXtQ+y4JP5Tz9QnCHcajW9ILUGubCwyGwK6jA==", "id"=>"8"}
  [1m[36mMoo Load (0.2ms)[0m  [1m[34mSELECT  "moos".* FROM "moos" WHERE "moos"."id" = ? LIMIT ?[0m  [["id", 8], ["LIMIT", 1]]
  [1m[35m (0.1ms)[0m  [1m[36mbegin transaction[0m
  [1m[35mSQL (0.4ms)[0m  [1m[31mDELETE FROM "moos" WHERE "moos"."id" = ?[0m  [["id", 8]]
  [1m[35m (1.6ms)[0m  [1m[36mcommit transaction[0m
Redirected to http://localhost:3000/moos
Completed 302 Found in 23ms (ActiveRecord: 3.6ms)


Started GET "/moos" for 127.0.0.1 at 2017-10-26 18:40:42 +0200
Processing by MoosController#index as HTML
  Rendering moos/index.html.erb within layouts/application
  [1m[36mMoo Load (0.2ms)[0m  [1m[34mSELECT "moos".* FROM "moos"[0m
  Rendered moos/index.html.erb within layouts/application (2.2ms)
Completed 200 OK in 191ms (Views: 189.4ms | ActiveRecord: 0.2ms)


Started DELETE "/moos/9" for 127.0.0.1 at 2017-10-26 18:40:43 +0200
Processing by MoosController#destroy as HTML
  Parameters: {"authenticity_token"=>"7P8V+c38J5znEnVyKNAUEU9ifLCN4JKq9JRkXt/LBF5NW2/7XsxRmezGKv2oAb3pIAwabSdHicAnqpNEreILjg==", "id"=>"9"}
  [1m[36mMoo Load (0.2ms)[0m  [1m[34mSELECT  "moos".* FROM "moos" WHERE "moos"."id" = ? LIMIT ?[0m  [["id", 9], ["LIMIT", 1]]
  [1m[35m (0.1ms)[0m  [1m[36mbegin transaction[0m
  [1m[35mSQL (0.3ms)[0m  [1m[31mDELETE FROM "moos" WHERE "moos"."id" = ?[0m  [["id", 9]]
  [1m[35m (1.4ms)[0m  [1m[36mcommit transaction[0m
Redirected to http://localhost:3000/moos
Completed 302 Found in 5ms (ActiveRecord: 2.0ms)


Started GET "/moos" for 127.0.0.1 at 2017-10-26 18:40:43 +0200
Processing by MoosController#index as HTML
  Rendering moos/index.html.erb within layouts/application
  [1m[36mMoo Load (0.4ms)[0m  [1m[34mSELECT "moos".* FROM "moos"[0m
  Rendered moos/index.html.erb within layouts/application (2.4ms)
Completed 200 OK in 31ms (Views: 28.4ms | ActiveRecord: 0.4ms)


Started DELETE "/moos/10" for 127.0.0.1 at 2017-10-26 18:40:44 +0200
Processing by MoosController#destroy as HTML
  Parameters: {"authenticity_token"=>"/pIKX47Z3dQt1yTsAWdii0nIlMdaaiyowGSpYRoFHDFfNnBdHemr0SYDe2OBtstzJqbyGvDNN8ITWl57aCwT4Q==", "id"=>"10"}
  [1m[36mMoo Load (0.2ms)[0m  [1m[34mSELECT  "moos".* FROM "moos" WHERE "moos"."id" = ? LIMIT ?[0m  [["id", 10], ["LIMIT", 1]]
  [1m[35m (0.1ms)[0m  [1m[36mbegin transaction[0m
  [1m[35mSQL (0.3ms)[0m  [1m[31mDELETE FROM "moos" WHERE "moos"."id" = ?[0m  [["id", 10]]
  [1m[35m (1.4ms)[0m  [1m[36mcommit transaction[0m
Redirected to http://localhost:3000/moos
Completed 302 Found in 5ms (ActiveRecord: 1.9ms)


Started GET "/moos" for 127.0.0.1 at 2017-10-26 18:40:44 +0200
Processing by MoosController#index as HTML
  Rendering moos/index.html.erb within layouts/application
  [1m[36mMoo Load (0.2ms)[0m  [1m[34mSELECT "moos".* FROM "moos"[0m
  Rendered moos/index.html.erb within layouts/application (1.5ms)
Completed 200 OK in 19ms (Views: 16.2ms | ActiveRecord: 0.2ms)


Started GET "/moos/new" for 127.0.0.1 at 2017-10-26 18:41:10 +0200
Processing by MoosController#new as HTML
  Rendering moos/new.html.erb within layouts/application
  Rendered moos/new.html.erb within layouts/application (10.7ms)
Completed 200 OK in 43ms (Views: 36.1ms | ActiveRecord: 0.0ms)


Started POST "/moos" for 127.0.0.1 at 2017-10-26 18:41:14 +0200
Processing by MoosController#create as HTML
  Parameters: {"utf8"=>"✓", "authenticity_token"=>"i3V185SWCkEUuW8p/nvvqhEcbLzrkwp0DP7sluWNckP2Ubbn0/V8asGh2grFlc5ueDWAJShtWA9CgeIAGLmN3w==", "moo"=>{"classes"=>"uys", "description"=>"bhcdc <"}}
  [1m[35m (0.1ms)[0m  [1m[36mbegin transaction[0m
  [1m[35mSQL (0.5ms)[0m  [1m[32mINSERT INTO "moos" ("classes", "description", "created_at", "updated_at") VALUES (?, ?, ?, ?)[0m  [["classes", "uys"], ["description", "bhcdc <"], ["created_at", "2017-10-26 16:41:14.745953"], ["updated_at", "2017-10-26 16:41:14.745953"]]
  [1m[35m (0.7ms)[0m  [1m[36mcommit transaction[0m
Redirected to http://localhost:3000/moos/11
Completed 302 Found in 5ms (ActiveRecord: 1.3ms)


Started GET "/moos/11" for 127.0.0.1 at 2017-10-26 18:41:14 +0200
Processing by MoosController#show as HTML
  Parameters: {"id"=>"11"}
  [1m[36mMoo Load (0.6ms)[0m  [1m[34mSELECT  "moos".* FROM "moos" WHERE "moos"."id" = ? LIMIT ?[0m  [["id", 11], ["LIMIT", 1]]
  Rendering moos/show.html.erb within layouts/application
  Rendered moos/show.html.erb within layouts/application (0.6ms)
Completed 200 OK in 19ms (Views: 15.3ms | ActiveRecord: 0.6ms)


Started GET "/moos/11/edit" for 127.0.0.1 at 2017-10-26 18:41:16 +0200
Processing by MoosController#edit as HTML
  Parameters: {"id"=>"11"}
  Rendering moos/edit.html.erb within layouts/application
  Rendered moos/edit.html.erb within layouts/application (3.2ms)
Completed 500 Internal Server Error in 11ms (ActiveRecord: 0.0ms)


  
ActionView::Template::Error (First argument in form cannot contain nil or be empty):
    1: <h1>Editer le cour</h1>
    2: 
    3: <%= form_for @moo do |f| %>
    4: 
    5:   <div>
    6: 
  
app/views/moos/edit.html.erb:3:in `_app_views_moos_edit_html_erb__3867617242595081987_70254197141860'
Started GET "/moos/11" for 127.0.0.1 at 2017-10-26 18:41:17 +0200
Processing by MoosController#show as HTML
  Parameters: {"id"=>"11"}
  [1m[36mMoo Load (0.4ms)[0m  [1m[34mSELECT  "moos".* FROM "moos" WHERE "moos"."id" = ? LIMIT ?[0m  [["id", 11], ["LIMIT", 1]]
  Rendering moos/show.html.erb within layouts/application
  Rendered moos/show.html.erb within layouts/application (0.8ms)
Completed 200 OK in 58ms (Views: 52.7ms | ActiveRecord: 0.4ms)


Started GET "/moos" for 127.0.0.1 at 2017-10-26 18:41:19 +0200
Processing by MoosController#index as HTML
  Rendering moos/index.html.erb within layouts/application
  [1m[36mMoo Load (0.3ms)[0m  [1m[34mSELECT "moos".* FROM "moos"[0m
  Rendered moos/index.html.erb within layouts/application (2.5ms)
Completed 200 OK in 41ms (Views: 37.2ms | ActiveRecord: 0.3ms)


Started DELETE "/moos/11" for 127.0.0.1 at 2017-10-26 18:41:22 +0200
Processing by MoosController#destroy as HTML
  Parameters: {"authenticity_token"=>"p1qiVcx8ctJRhr9sv3O/XmgiJx1OCuUN9PXw/l3msQgG/thXX0wE11pS4OM/ohamB0xBwOSt/mcnywfkL8++2A==", "id"=>"11"}
  [1m[36mMoo Load (0.1ms)[0m  [1m[34mSELECT  "moos".* FROM "moos" WHERE "moos"."id" = ? LIMIT ?[0m  [["id", 11], ["LIMIT", 1]]
  [1m[35m (0.1ms)[0m  [1m[36mbegin transaction[0m
  [1m[35mSQL (0.3ms)[0m  [1m[31mDELETE FROM "moos" WHERE "moos"."id" = ?[0m  [["id", 11]]
  [1m[35m (1.4ms)[0m  [1m[36mcommit transaction[0m
Redirected to http://localhost:3000/moos
Completed 302 Found in 7ms (ActiveRecord: 2.0ms)


Started GET "/moos" for 127.0.0.1 at 2017-10-26 18:41:22 +0200
Processing by MoosController#index as HTML
  Rendering moos/index.html.erb within layouts/application
  [1m[36mMoo Load (0.2ms)[0m  [1m[34mSELECT "moos".* FROM "moos"[0m
  Rendered moos/index.html.erb within layouts/application (1.8ms)
Completed 200 OK in 27ms (Views: 24.6ms | ActiveRecord: 0.2ms)


Started GET "/moos/new" for 127.0.0.1 at 2017-10-26 18:43:16 +0200
  [1m[35m (0.2ms)[0m  [1m[34mSELECT "schema_migrations"."version" FROM "schema_migrations" ORDER BY "schema_migrations"."version" ASC[0m
Processing by MoosController#new as HTML
  Rendering moos/new.html.erb within layouts/application
  Rendered moos/new.html.erb within layouts/application (15.6ms)
Completed 200 OK in 307ms (Views: 281.5ms | ActiveRecord: 0.6ms)


Started POST "/moos" for 127.0.0.1 at 2017-10-26 18:43:21 +0200
Processing by MoosController#create as HTML
  Parameters: {"utf8"=>"✓", "authenticity_token"=>"hM1QOJHHlMUrE5A/hhzr0X2mtYu8n5qYkwJlKEnCAG756ZMs1qTi7v4LJRy98soVFI9ZEn9hyOPdfWu+tPb/8g==", "moo"=>{"classes"=>"xc", "description"=>"cv"}}
  [1m[35m (0.1ms)[0m  [1m[36mbegin transaction[0m
  [1m[35mSQL (0.4ms)[0m  [1m[32mINSERT INTO "moos" ("classes", "description", "created_at", "updated_at") VALUES (?, ?, ?, ?)[0m  [["classes", "xc"], ["description", "cv"], ["created_at", "2017-10-26 16:43:21.193716"], ["updated_at", "2017-10-26 16:43:21.193716"]]
  [1m[35m (0.5ms)[0m  [1m[36mcommit transaction[0m
Redirected to http://localhost:3000/moos/12
Completed 302 Found in 7ms (ActiveRecord: 1.6ms)


Started GET "/moos/12" for 127.0.0.1 at 2017-10-26 18:43:21 +0200
Processing by MoosController#show as HTML
  Parameters: {"id"=>"12"}
  [1m[36mMoo Load (0.4ms)[0m  [1m[34mSELECT  "moos".* FROM "moos" WHERE "moos"."id" = ? LIMIT ?[0m  [["id", 12], ["LIMIT", 1]]
  Rendering moos/show.html.erb within layouts/application
  Rendered moos/show.html.erb within layouts/application (0.6ms)
Completed 200 OK in 25ms (Views: 16.0ms | ActiveRecord: 0.4ms)


Started GET "/moos/12/edit" for 127.0.0.1 at 2017-10-26 18:43:22 +0200
Processing by MoosController#edit as HTML
  Parameters: {"id"=>"12"}
  Rendering moos/edit.html.erb within layouts/application
  Rendered moos/edit.html.erb within layouts/application (5.5ms)
Completed 500 Internal Server Error in 14ms (ActiveRecord: 0.0ms)


  
ActionView::Template::Error (First argument in form cannot contain nil or be empty):
    1: <h1>Editer le cour</h1>
    2: 
    3: <%= form_for @moo do |f| %>
    4: 
    5:   <div>
    6: 
  
app/views/moos/edit.html.erb:3:in `_app_views_moos_edit_html_erb___2509720128119172754_70307019921960'
Started PUT "/__web_console/repl_sessions/14196970adfcf9aa099b4ae2f84caf10" for 127.0.0.1 at 2017-10-26 18:43:42 +0200
Started PUT "/__web_console/repl_sessions/14196970adfcf9aa099b4ae2f84caf10" for 127.0.0.1 at 2017-10-26 18:43:43 +0200
Started PUT "/__web_console/repl_sessions/14196970adfcf9aa099b4ae2f84caf10" for 127.0.0.1 at 2017-10-26 18:43:43 +0200
Started PUT "/__web_console/repl_sessions/14196970adfcf9aa099b4ae2f84caf10" for 127.0.0.1 at 2017-10-26 18:43:45 +0200
Started GET "/moos/12/edit" for 127.0.0.1 at 2017-10-26 19:00:24 +0200
  [1m[35m (0.2ms)[0m  [1m[34mSELECT "schema_migrations"."version" FROM "schema_migrations" ORDER BY "schema_migrations"."version" ASC[0m
Processing by MoosController#edit as HTML
  Parameters: {"id"=>"12"}
  [1m[36mMoo Load (0.2ms)[0m  [1m[34mSELECT  "moos".* FROM "moos" WHERE "moos"."id" = ? LIMIT ?[0m  [["id", 12], ["LIMIT", 1]]
  Rendering moos/edit.html.erb within layouts/application
  Rendered moos/edit.html.erb within layouts/application (14.6ms)
Completed 200 OK in 222ms (Views: 197.7ms | ActiveRecord: 1.0ms)


Started PATCH "/moos/12" for 127.0.0.1 at 2017-10-26 19:00:26 +0200
Processing by MoosController#update as HTML
  Parameters: {"utf8"=>"✓", "authenticity_token"=>"xI5T0zRYrJV9UtX0zRZX2V861tK1YkbKv7yVjiDJ35ZlKinRp2jakHaGintNx/4hMFSwDx/FXaBsgmKUUuDQRg==", "moo"=>{"classes"=>"xc", "description"=>"cv"}, "id"=>"12"}
  [1m[36mMoo Load (0.2ms)[0m  [1m[34mSELECT  "moos".* FROM "moos" WHERE "moos"."id" = ? LIMIT ?[0m  [["id", 12], ["LIMIT", 1]]
  [1m[35m (0.1ms)[0m  [1m[36mbegin transaction[0m
  [1m[35m (0.1ms)[0m  [1m[36mcommit transaction[0m
Redirected to http://localhost:3000/moos/12
Completed 302 Found in 6ms (ActiveRecord: 0.9ms)


Started GET "/moos/12" for 127.0.0.1 at 2017-10-26 19:00:26 +0200
Processing by MoosController#show as HTML
  Parameters: {"id"=>"12"}
  [1m[36mMoo Load (0.2ms)[0m  [1m[34mSELECT  "moos".* FROM "moos" WHERE "moos"."id" = ? LIMIT ?[0m  [["id", 12], ["LIMIT", 1]]
  Rendering moos/show.html.erb within layouts/application
  Rendered moos/show.html.erb within layouts/application (0.7ms)
Completed 200 OK in 20ms (Views: 17.1ms | ActiveRecord: 0.2ms)


Started GET "/moos/12/edit" for 127.0.0.1 at 2017-10-26 19:00:27 +0200
Processing by MoosController#edit as HTML
  Parameters: {"id"=>"12"}
  [1m[36mMoo Load (0.4ms)[0m  [1m[34mSELECT  "moos".* FROM "moos" WHERE "moos"."id" = ? LIMIT ?[0m  [["id", 12], ["LIMIT", 1]]
  Rendering moos/edit.html.erb within layouts/application
  Rendered moos/edit.html.erb within layouts/application (1.3ms)
Completed 200 OK in 30ms (Views: 25.5ms | ActiveRecord: 0.4ms)


Started DELETE "/moos/12" for 127.0.0.1 at 2017-10-26 19:00:29 +0200
Processing by MoosController#destroy as HTML
  Parameters: {"authenticity_token"=>"1FVRlgzl3YndXdO5E3zxhvLKUBJqGBUScH6zxLWq+pt18SuUn9WrjNaJjDaTrVh+naQ2z8C/DnijQETex4P1Sw==", "id"=>"12"}
  [1m[36mMoo Load (0.3ms)[0m  [1m[34mSELECT  "moos".* FROM "moos" WHERE "moos"."id" = ? LIMIT ?[0m  [["id", 12], ["LIMIT", 1]]
  [1m[35m (0.1ms)[0m  [1m[36mbegin transaction[0m
  [1m[35mSQL (0.4ms)[0m  [1m[31mDELETE FROM "moos" WHERE "moos"."id" = ?[0m  [["id", 12]]
  [1m[35m (1.6ms)[0m  [1m[36mcommit transaction[0m
Redirected to http://localhost:3000/moos
Completed 302 Found in 6ms (ActiveRecord: 2.3ms)


Started GET "/moos" for 127.0.0.1 at 2017-10-26 19:00:29 +0200
Processing by MoosController#index as HTML
  Rendering moos/index.html.erb within layouts/application
  [1m[36mMoo Load (0.2ms)[0m  [1m[34mSELECT "moos".* FROM "moos"[0m
  Rendered moos/index.html.erb within layouts/application (1.4ms)
Completed 200 OK in 17ms (Views: 15.4ms | ActiveRecord: 0.2ms)


Started GET "/moos/new" for 127.0.0.1 at 2017-10-26 19:00:31 +0200
Processing by MoosController#new as HTML
  Rendering moos/new.html.erb within layouts/application
  Rendered moos/new.html.erb within layouts/application (1.7ms)
Completed 200 OK in 32ms (Views: 28.2ms | ActiveRecord: 0.0ms)


Started POST "/moos" for 127.0.0.1 at 2017-10-26 19:00:38 +0200
Processing by MoosController#create as HTML
  Parameters: {"utf8"=>"✓", "authenticity_token"=>"1r0nztsr1/zCfWnJc342rAW5YVbeSC6pHFJlxu5EWRermeTanEih1xdl3OpIkBdobJCNzx22fNJSLWtQE3Cmiw==", "moo"=>{"classes"=>"vl bjljvwb", "description"=>"jlcbjlcq"}}
  [1m[35m (0.1ms)[0m  [1m[36mbegin transaction[0m
  [1m[35mSQL (0.4ms)[0m  [1m[32mINSERT INTO "moos" ("classes", "description", "created_at", "updated_at") VALUES (?, ?, ?, ?)[0m  [["classes", "vl bjljvwb"], ["description", "jlcbjlcq"], ["created_at", "2017-10-26 17:00:38.793339"], ["updated_at", "2017-10-26 17:00:38.793339"]]
  [1m[35m (0.6ms)[0m  [1m[36mcommit transaction[0m
Redirected to http://localhost:3000/moos/13
Completed 302 Found in 5ms (ActiveRecord: 1.1ms)


Started GET "/moos/13" for 127.0.0.1 at 2017-10-26 19:00:38 +0200
Processing by MoosController#show as HTML
  Parameters: {"id"=>"13"}
  [1m[36mMoo Load (0.2ms)[0m  [1m[34mSELECT  "moos".* FROM "moos" WHERE "moos"."id" = ? LIMIT ?[0m  [["id", 13], ["LIMIT", 1]]
  Rendering moos/show.html.erb within layouts/application
  Rendered moos/show.html.erb within layouts/application (0.7ms)
Completed 200 OK in 18ms (Views: 15.5ms | ActiveRecord: 0.2ms)


Started GET "/moos/13/edit" for 127.0.0.1 at 2017-10-26 19:00:41 +0200
Processing by MoosController#edit as HTML
  Parameters: {"id"=>"13"}
  [1m[36mMoo Load (0.1ms)[0m  [1m[34mSELECT  "moos".* FROM "moos" WHERE "moos"."id" = ? LIMIT ?[0m  [["id", 13], ["LIMIT", 1]]
  Rendering moos/edit.html.erb within layouts/application
  Rendered moos/edit.html.erb within layouts/application (1.9ms)
Completed 200 OK in 37ms (Views: 32.9ms | ActiveRecord: 0.1ms)


Started DELETE "/moos/13" for 127.0.0.1 at 2017-10-26 19:00:47 +0200
Processing by MoosController#destroy as HTML
  Parameters: {"authenticity_token"=>"tcb5eQoMn/xEE+av64avRdhXnYCeMGALJqyPp0VUn+4UYoN7mTzp+U/HuSBrVwa9tzn7XTSXe2H1kni9N32QPg==", "id"=>"13"}
  [1m[36mMoo Load (0.1ms)[0m  [1m[34mSELECT  "moos".* FROM "moos" WHERE "moos"."id" = ? LIMIT ?[0m  [["id", 13], ["LIMIT", 1]]
  [1m[35m (0.1ms)[0m  [1m[36mbegin transaction[0m
  [1m[35mSQL (0.8ms)[0m  [1m[31mDELETE FROM "moos" WHERE "moos"."id" = ?[0m  [["id", 13]]
  [1m[35m (1.4ms)[0m  [1m[36mcommit transaction[0m
Redirected to http://localhost:3000/moos
Completed 302 Found in 6ms (ActiveRecord: 2.4ms)


Started GET "/moos" for 127.0.0.1 at 2017-10-26 19:00:47 +0200
Processing by MoosController#index as HTML
  Rendering moos/index.html.erb within layouts/application
  [1m[36mMoo Load (0.2ms)[0m  [1m[34mSELECT "moos".* FROM "moos"[0m
  Rendered moos/index.html.erb within layouts/application (1.6ms)
Completed 200 OK in 43ms (Views: 40.6ms | ActiveRecord: 0.2ms)


Started GET "/" for 127.0.0.1 at 2017-10-26 19:14:21 +0200
Processing by MoosController#index as HTML
  Rendering moos/index.html.erb within layouts/application
  [1m[36mMoo Load (0.4ms)[0m  [1m[34mSELECT "moos".* FROM "moos"[0m
  Rendered moos/index.html.erb within layouts/application (3.1ms)
Completed 200 OK in 45ms (Views: 41.5ms | ActiveRecord: 0.4ms)


Started GET "/moos/new" for 127.0.0.1 at 2017-10-26 19:14:23 +0200
Processing by MoosController#new as HTML
  Rendering moos/new.html.erb within layouts/application
  Rendered moos/new.html.erb within layouts/application (2.2ms)
Completed 200 OK in 24ms (Views: 19.9ms | ActiveRecord: 0.0ms)


Started POST "/moos" for 127.0.0.1 at 2017-10-26 19:14:27 +0200
Processing by MoosController#create as HTML
  Parameters: {"utf8"=>"✓", "authenticity_token"=>"gWRVidQ0CrSgMmBFAxr7AnLT5SuYJgeDMmJjNiONfE38QJadk1d8n3Uq1WY49NrGG/oJslvYVfh8HW2g3rmD0Q==", "moo"=>{"classes"=>"ndjb", "description"=>"ljdnljk"}}
  [1m[35m (0.1ms)[0m  [1m[36mbegin transaction[0m
  [1m[35mSQL (0.4ms)[0m  [1m[32mINSERT INTO "moos" ("classes", "description", "created_at", "updated_at") VALUES (?, ?, ?, ?)[0m  [["classes", "ndjb"], ["description", "ljdnljk"], ["created_at", "2017-10-26 17:14:27.572453"], ["updated_at", "2017-10-26 17:14:27.572453"]]
  [1m[35m (0.9ms)[0m  [1m[36mcommit transaction[0m
Redirected to http://localhost:3000/moos/14
Completed 302 Found in 5ms (ActiveRecord: 1.4ms)


Started GET "/moos/14" for 127.0.0.1 at 2017-10-26 19:14:27 +0200
Processing by MoosController#show as HTML
  Parameters: {"id"=>"14"}
  [1m[36mMoo Load (0.5ms)[0m  [1m[34mSELECT  "moos".* FROM "moos" WHERE "moos"."id" = ? LIMIT ?[0m  [["id", 14], ["LIMIT", 1]]
  Rendering moos/show.html.erb within layouts/application
  Rendered moos/show.html.erb within layouts/application (0.6ms)
Completed 200 OK in 19ms (Views: 15.3ms | ActiveRecord: 0.5ms)


Started GET "/moos/14/edit" for 127.0.0.1 at 2017-10-26 19:14:29 +0200
Processing by MoosController#edit as HTML
  Parameters: {"id"=>"14"}
  [1m[36mMoo Load (0.2ms)[0m  [1m[34mSELECT  "moos".* FROM "moos" WHERE "moos"."id" = ? LIMIT ?[0m  [["id", 14], ["LIMIT", 1]]
  Rendering moos/edit.html.erb within layouts/application
  Rendered moos/edit.html.erb within layouts/application (2.8ms)
Completed 200 OK in 28ms (Views: 24.2ms | ActiveRecord: 0.2ms)


Started PATCH "/moos/14" for 127.0.0.1 at 2017-10-26 19:14:31 +0200
Processing by MoosController#update as HTML
  Parameters: {"utf8"=>"✓", "authenticity_token"=>"N+r+4wdFZRAI7ZBs131oO5OzG5qW3ORFq9+YgYCuZCYw20e7Pgp8FQtMB/wRClROgJ8mZmNNI+RLbUQ+HabrhA==", "moo"=>{"classes"=>"ndjb", "description"=>"ljdnljk"}, "id"=>"14"}
  [1m[36mMoo Load (0.1ms)[0m  [1m[34mSELECT  "moos".* FROM "moos" WHERE "moos"."id" = ? LIMIT ?[0m  [["id", 14], ["LIMIT", 1]]
  [1m[35m (0.1ms)[0m  [1m[36mbegin transaction[0m
  [1m[35m (0.3ms)[0m  [1m[36mcommit transaction[0m
Redirected to http://localhost:3000/moos/14
Completed 302 Found in 4ms (ActiveRecord: 0.5ms)


Started GET "/moos/14" for 127.0.0.1 at 2017-10-26 19:14:31 +0200
Processing by MoosController#show as HTML
  Parameters: {"id"=>"14"}
  [1m[36mMoo Load (0.2ms)[0m  [1m[34mSELECT  "moos".* FROM "moos" WHERE "moos"."id" = ? LIMIT ?[0m  [["id", 14], ["LIMIT", 1]]
  Rendering moos/show.html.erb within layouts/application
  Rendered moos/show.html.erb within layouts/application (0.8ms)
Completed 200 OK in 35ms (Views: 31.9ms | ActiveRecord: 0.2ms)


Started GET "/moos" for 127.0.0.1 at 2017-10-26 19:14:33 +0200
Processing by MoosController#index as HTML
  Rendering moos/index.html.erb within layouts/application
  [1m[36mMoo Load (0.2ms)[0m  [1m[34mSELECT "moos".* FROM "moos"[0m
  Rendered moos/index.html.erb within layouts/application (2.9ms)
Completed 200 OK in 35ms (Views: 31.2ms | ActiveRecord: 0.2ms)


Started DELETE "/moos/14" for 127.0.0.1 at 2017-10-26 19:14:35 +0200
Processing by MoosController#destroy as HTML
  Parameters: {"authenticity_token"=>"IRl9MVQXn83YKxP/aHxFyQHsg/2VotUGNO2f0iu6PnqAvQczxyfpyNP/THDorewxboLlID8Fzmzn02jIWZMxqg==", "id"=>"14"}
  [1m[36mMoo Load (0.2ms)[0m  [1m[34mSELECT  "moos".* FROM "moos" WHERE "moos"."id" = ? LIMIT ?[0m  [["id", 14], ["LIMIT", 1]]
  [1m[35m (0.1ms)[0m  [1m[36mbegin transaction[0m
  [1m[35mSQL (0.3ms)[0m  [1m[31mDELETE FROM "moos" WHERE "moos"."id" = ?[0m  [["id", 14]]
  [1m[35m (1.5ms)[0m  [1m[36mcommit transaction[0m
Redirected to http://localhost:3000/moos
Completed 302 Found in 6ms (ActiveRecord: 2.1ms)


Started GET "/moos" for 127.0.0.1 at 2017-10-26 19:14:35 +0200
Processing by MoosController#index as HTML
  Rendering moos/index.html.erb within layouts/application
  [1m[36mMoo Load (0.2ms)[0m  [1m[34mSELECT "moos".* FROM "moos"[0m
  Rendered moos/index.html.erb within layouts/application (2.1ms)
Completed 200 OK in 27ms (Views: 25.2ms | ActiveRecord: 0.2ms)


Started GET "/moos/new" for 127.0.0.1 at 2017-10-26 19:14:50 +0200
Processing by MoosController#new as HTML
  Rendering moos/new.html.erb within layouts/application
  Rendered moos/new.html.erb within layouts/application (1.9ms)
Completed 200 OK in 35ms (Views: 29.6ms | ActiveRecord: 0.0ms)


Started POST "/moos" for 127.0.0.1 at 2017-10-26 19:14:55 +0200
Processing by MoosController#create as HTML
  Parameters: {"utf8"=>"✓", "authenticity_token"=>"jbMiIqL7S5ZnGLu/ntCQcmkWLvwMCzr33HQCO0sJvqLwl+E25Zg9vbIADpylPrG2AD/CZc/1aIySCwyttj1BPg==", "moo"=>{"classes"=>"xc c:w<", "description"=>"snksd"}}
  [1m[35m (0.1ms)[0m  [1m[36mbegin transaction[0m
  [1m[35mSQL (0.3ms)[0m  [1m[32mINSERT INTO "moos" ("classes", "description", "created_at", "updated_at") VALUES (?, ?, ?, ?)[0m  [["classes", "xc c:w<"], ["description", "snksd"], ["created_at", "2017-10-26 17:14:55.943018"], ["updated_at", "2017-10-26 17:14:55.943018"]]
  [1m[35m (0.7ms)[0m  [1m[36mcommit transaction[0m
Redirected to http://localhost:3000/moos/15
Completed 302 Found in 5ms (ActiveRecord: 1.1ms)


Started GET "/moos/15" for 127.0.0.1 at 2017-10-26 19:14:55 +0200
Processing by MoosController#show as HTML
  Parameters: {"id"=>"15"}
  [1m[36mMoo Load (0.2ms)[0m  [1m[34mSELECT  "moos".* FROM "moos" WHERE "moos"."id" = ? LIMIT ?[0m  [["id", 15], ["LIMIT", 1]]
  Rendering moos/show.html.erb within layouts/application
  Rendered moos/show.html.erb within layouts/application (0.6ms)
Completed 200 OK in 25ms (Views: 22.8ms | ActiveRecord: 0.2ms)


Started GET "/moos/15/edit" for 127.0.0.1 at 2017-10-26 19:14:56 +0200
Processing by MoosController#edit as HTML
  Parameters: {"id"=>"15"}
  [1m[36mMoo Load (0.2ms)[0m  [1m[34mSELECT  "moos".* FROM "moos" WHERE "moos"."id" = ? LIMIT ?[0m  [["id", 15], ["LIMIT", 1]]
  Rendering moos/edit.html.erb within layouts/application
  Rendered moos/edit.html.erb within layouts/application (2.0ms)
Completed 200 OK in 30ms (Views: 25.1ms | ActiveRecord: 0.2ms)


